#
# There is insufficient memory for the Java Runtime Environment to continue.
# Native memory allocation (malloc) failed to allocate 132256 bytes for Chunk::new
# Possible reasons:
#   The system is out of physical RAM or swap space
#   In 32 bit mode, the process size limit was hit
# Possible solutions:
#   Reduce memory load on the system
#   Increase physical memory or swap space
#   Check if swap backing store is full
#   Use 64 bit Java on a 64 bit OS
#   Decrease Java heap size (-Xmx/-Xms)
#   Decrease number of Java threads
#   Decrease Java thread stack sizes (-Xss)
#   Set larger code cache with -XX:ReservedCodeCacheSize=
# This output file may be truncated or incomplete.
#
#  Out of Memory Error (allocation.cpp:390), pid=10584, tid=0x0000000000002ea4
#
# JRE version: Java(TM) SE Runtime Environment (8.0_131-b11) (build 1.8.0_131-b11)
# Java VM: Java HotSpot(TM) 64-Bit Server VM (25.131-b11 mixed mode windows-amd64 compressed oops)
# Failed to write core dump. Minidumps are not enabled by default on client versions of Windows
#

---------------  T H R E A D  ---------------

Current thread (0x00000000198bd000):  JavaThread "C2 CompilerThread1" daemon [_thread_in_native, id=11940, stack(0x0000000019fe0000,0x000000001a0e0000)]

Stack: [0x0000000019fe0000,0x000000001a0e0000]
[error occurred during error reporting (printing stack bounds), id 0xc0000005]

Native frames: (J=compiled Java code, j=interpreted, Vv=VM code, C=native code)


Current CompileTask:
C2: 244714  830       4       java.awt.Container::updateGraphicsData (59 bytes)


---------------  P R O C E S S  ---------------

Java Threads: ( => current thread )
  0x0000000000a7e000 JavaThread "DestroyJavaVM" [_thread_blocked, id=7520, stack(0x00000000027a0000,0x00000000028a0000)]
  0x000000001a987800 JavaThread "AWT-EventQueue-0" [_thread_blocked, id=15348, stack(0x000000001b9e0000,0x000000001bae0000)]
  0x0000000019bbe000 JavaThread "AWT-Windows" daemon [_thread_in_native, id=4428, stack(0x000000001afb0000,0x000000001b0b0000)]
  0x0000000019bbd000 JavaThread "AWT-Shutdown" [_thread_blocked, id=14868, stack(0x000000001aeb0000,0x000000001afb0000)]
  0x0000000019bba800 JavaThread "Java2D Disposer" daemon [_thread_blocked, id=548, stack(0x000000001ad90000,0x000000001ae90000)]
  0x0000000019905800 JavaThread "Service Thread" daemon [_thread_blocked, id=1916, stack(0x000000001a2e0000,0x000000001a3e0000)]
  0x00000000198d6800 JavaThread "C1 CompilerThread3" daemon [_thread_blocked, id=8184, stack(0x000000001a1e0000,0x000000001a2e0000)]
  0x00000000198c6800 JavaThread "C2 CompilerThread2" daemon [_thread_blocked, id=10932, stack(0x000000001a0e0000,0x000000001a1e0000)]
=>0x00000000198bd000 JavaThread "C2 CompilerThread1" daemon [_thread_in_native, id=11940, stack(0x0000000019fe0000,0x000000001a0e0000)]
  0x000000001986a000 JavaThread "C2 CompilerThread0" daemon [_thread_blocked, id=12984, stack(0x0000000019ee0000,0x0000000019fe0000)]
  0x0000000019865000 JavaThread "Attach Listener" daemon [_thread_blocked, id=8340, stack(0x0000000019de0000,0x0000000019ee0000)]
  0x0000000019864800 JavaThread "Signal Dispatcher" daemon [_thread_blocked, id=14916, stack(0x0000000019ce0000,0x0000000019de0000)]
  0x000000000299e800 JavaThread "Finalizer" daemon [_thread_blocked, id=4900, stack(0x0000000019be0000,0x0000000019ce0000)]
  0x0000000002997000 JavaThread "Reference Handler" daemon [_thread_blocked, id=1384, stack(0x00000000196e0000,0x00000000197e0000)]

Other Threads:
  0x000000001790a000 VMThread [stack: 0x00000000195e0000,0x00000000196e0000] [id=2000]
  0x0000000019944000 WatcherThread [stack: 0x000000001a3e0000,0x000000001a4e0000] [id=9232]

VM state:not at safepoint (normal execution)

VM Mutex/Monitor currently owned by a thread: None

Heap:
 PSYoungGen      total 38400K, used 12817K [0x00000000d5f80000, 0x00000000d8a00000, 0x0000000100000000)
  eden space 33280K, 38% used [0x00000000d5f80000,0x00000000d6c04788,0x00000000d8000000)
  from space 5120K, 0% used [0x00000000d8500000,0x00000000d8500000,0x00000000d8a00000)
  to   space 5120K, 0% used [0x00000000d8000000,0x00000000d8000000,0x00000000d8500000)
 ParOldGen       total 87552K, used 0K [0x0000000081e00000, 0x0000000087380000, 0x00000000d5f80000)
  object space 87552K, 0% used [0x0000000081e00000,0x0000000081e00000,0x0000000087380000)
 Metaspace       used 9545K, capacity 9718K, committed 9984K, reserved 1058816K
  class space    used 1138K, capacity 1196K, committed 1280K, reserved 1048576K

Card table byte_map: [0x0000000011d60000,0x0000000012160000] byte_map_base: 0x0000000011951000

Marking Bits: (ParMarkBitMap*) 0x000000005f22c720
 Begin Bits: [0x0000000012c10000, 0x0000000014b98000)
 End Bits:   [0x0000000014b98000, 0x0000000016b20000)

Polling page: 0x0000000000620000

CodeCache: size=245760Kb used=3197Kb max_used=3209Kb free=242562Kb
 bounds [0x00000000029a0000, 0x0000000002cd0000, 0x00000000119a0000]
 total_blobs=1284 nmethods=829 adapters=367
 compilation: enabled

Compilation events (10 events):
Event: 64.141 Thread 0x00000000198d6800 nmethod 825 0x0000000002cc0d90 code [0x0000000002cc0f20, 0x0000000002cc1318]
Event: 244.414 Thread 0x00000000198d6800  826       1       sun.awt.NullComponentPeer::updateGraphicsData (2 bytes)
Event: 244.414 Thread 0x00000000198d6800 nmethod 826 0x0000000002cc0ad0 code [0x0000000002cc0c20, 0x0000000002cc0d30]
Event: 244.504 Thread 0x00000000198bd000  827       4       java.util.Arrays::binarySearch0 (95 bytes)
Event: 244.507 Thread 0x00000000198bd000 nmethod 827 0x0000000002cc4250 code [0x0000000002cc43a0, 0x0000000002cc4558]
Event: 244.599 Thread 0x000000001986a000  828       4       java.util.ArrayList::iterator (10 bytes)
Event: 244.599 Thread 0x000000001986a000 nmethod 828 0x0000000002cc4750 code [0x0000000002cc48a0, 0x0000000002cc49a8]
Event: 244.680 Thread 0x00000000198c6800  829       4       java.util.ArrayList$Itr::<init> (6 bytes)
Event: 244.681 Thread 0x00000000198c6800 nmethod 829 0x0000000002cbf2d0 code [0x0000000002cbf400, 0x0000000002cbf498]
Event: 244.707 Thread 0x00000000198bd000  830       4       java.awt.Container::updateGraphicsData (59 bytes)

GC Heap History (0 events):
No events

Deoptimization events (10 events):
Event: 0.847 Thread 0x0000000000a7e000 Uncommon trap: reason=class_check action=maybe_recompile pc=0x0000000002b66f14 method=java.util.HashMap.getNode(ILjava/lang/Object;)Ljava/util/HashMap$Node; @ 59
Event: 0.933 Thread 0x0000000000a7e000 Uncommon trap: reason=unstable_if action=reinterpret pc=0x0000000002bcab44 method=java.util.HashMap.getNode(ILjava/lang/Object;)Ljava/util/HashMap$Node; @ 116
Event: 0.933 Thread 0x0000000000a7e000 Uncommon trap: reason=unstable_if action=reinterpret pc=0x0000000002bc9de8 method=java.util.HashMap.getNode(ILjava/lang/Object;)Ljava/util/HashMap$Node; @ 116
Event: 0.971 Thread 0x0000000000a7e000 Uncommon trap: reason=class_check action=maybe_recompile pc=0x0000000002bed96c method=java.awt.Container.getComponent(I)Ljava/awt/Component; @ 10
Event: 0.973 Thread 0x0000000000a7e000 Uncommon trap: reason=class_check action=maybe_recompile pc=0x0000000002bed96c method=java.awt.Container.getComponent(I)Ljava/awt/Component; @ 10
Event: 1.008 Thread 0x0000000000a7e000 Uncommon trap: reason=class_check action=maybe_recompile pc=0x0000000002bed96c method=java.awt.Container.getComponent(I)Ljava/awt/Component; @ 10
Event: 1.008 Thread 0x0000000000a7e000 Uncommon trap: reason=class_check action=maybe_recompile pc=0x0000000002bed96c method=java.awt.Container.getComponent(I)Ljava/awt/Component; @ 10
Event: 1.021 Thread 0x000000001a987800 Uncommon trap: reason=unstable_if action=reinterpret pc=0x0000000002be94d4 method=java.awt.Component.isValid()Z @ 11
Event: 1.051 Thread 0x000000001a987800 Uncommon trap: reason=unstable_if action=reinterpret pc=0x0000000002bc09e4 method=sun.awt.SunToolkit.getAppContext(Ljava/lang/Object;)Lsun/awt/AppContext; @ 4
Event: 1.073 Thread 0x000000001a987800 Uncommon trap: reason=unstable_if action=reinterpret pc=0x0000000002bf0af4 method=java.util.ArrayList.indexOf(Ljava/lang/Object;)I @ 41

Internal exceptions (10 events):
Event: 0.412 Thread 0x0000000000a7e000 Exception <a 'java/security/PrivilegedActionException'> (0x00000000d60741b8) thrown at [C:\re\workspace\8-2-build-windows-amd64-cygwin\jdk8u131\8869\hotspot\src\share\vm\prims\jvm.cpp, line 1390]
Event: 0.412 Thread 0x0000000000a7e000 Exception <a 'java/security/PrivilegedActionException'> (0x00000000d60743c8) thrown at [C:\re\workspace\8-2-build-windows-amd64-cygwin\jdk8u131\8869\hotspot\src\share\vm\prims\jvm.cpp, line 1390]
Event: 0.416 Thread 0x0000000000a7e000 Exception <a 'java/security/PrivilegedActionException'> (0x00000000d6078038) thrown at [C:\re\workspace\8-2-build-windows-amd64-cygwin\jdk8u131\8869\hotspot\src\share\vm\prims\jvm.cpp, line 1390]
Event: 0.416 Thread 0x0000000000a7e000 Exception <a 'java/security/PrivilegedActionException'> (0x00000000d6078248) thrown at [C:\re\workspace\8-2-build-windows-amd64-cygwin\jdk8u131\8869\hotspot\src\share\vm\prims\jvm.cpp, line 1390]
Event: 0.443 Thread 0x0000000000a7e000 Exception <a 'java/io/FileNotFoundException'> (0x00000000d609ae10) thrown at [C:\re\workspace\8-2-build-windows-amd64-cygwin\jdk8u131\8869\hotspot\src\share\vm\prims\jni.cpp, line 709]
Event: 0.507 Thread 0x0000000000a7e000 Exception <a 'java/lang/NoSuchFieldError': method resolution failed> (0x00000000d620ec28) thrown at [C:\re\workspace\8-2-build-windows-amd64-cygwin\jdk8u131\8869\hotspot\src\share\vm\prims\methodHandles.cpp, line 1146]
Event: 0.510 Thread 0x0000000000a7e000 Exception <a 'java/lang/NoSuchFieldError': method resolution failed> (0x00000000d621c438) thrown at [C:\re\workspace\8-2-build-windows-amd64-cygwin\jdk8u131\8869\hotspot\src\share\vm\prims\methodHandles.cpp, line 1146]
Event: 0.610 Thread 0x0000000000a7e000 Exception <a 'java/io/FileNotFoundException'> (0x00000000d62afb80) thrown at [C:\re\workspace\8-2-build-windows-amd64-cygwin\jdk8u131\8869\hotspot\src\share\vm\prims\jni.cpp, line 709]
Event: 0.893 Thread 0x0000000000a7e000 Exception <a 'java/io/FileNotFoundException'> (0x00000000d64f59a8) thrown at [C:\re\workspace\8-2-build-windows-amd64-cygwin\jdk8u131\8869\hotspot\src\share\vm\prims\jni.cpp, line 709]
Event: 0.893 Thread 0x0000000000a7e000 Exception <a 'java/lang/NullPointerException'> (0x00000000d64f5fe0) thrown at [C:\re\workspace\8-2-build-windows-amd64-cygwin\jdk8u131\8869\hotspot\src\share\vm\interpreter\linkResolver.cpp, line 1197]

Events (10 events):
Event: 244.344 loading class sun/awt/windows/WToolkit$3
Event: 244.345 loading class sun/awt/windows/WToolkit$3 done
Event: 244.345 loading class java/util/WeakHashMap$KeyIterator
Event: 244.345 loading class java/util/WeakHashMap$HashIterator
Event: 244.345 loading class java/util/WeakHashMap$HashIterator done
Event: 244.345 loading class java/util/WeakHashMap$KeyIterator done
Event: 244.416 loading class javax/swing/RepaintManager$DisplayChangedRunnable
Event: 244.416 loading class javax/swing/RepaintManager$DisplayChangedRunnable done
Event: 244.680 loading class java/util/ArrayList$1
Event: 244.680 loading class java/util/ArrayList$1 done


Dynamic libraries:
0x00007ff6daea0000 - 0x00007ff6daed7000 	C:\Program Files\Java\jre1.8.0_131\bin\javaw.exe
0x00007ff8ecd40000 - 0x00007ff8ecf30000 	C:\WINDOWS\SYSTEM32\ntdll.dll
0x00007ff8ebec0000 - 0x00007ff8ebf72000 	C:\WINDOWS\System32\KERNEL32.DLL
0x00007ff8ea5b0000 - 0x00007ff8ea854000 	C:\WINDOWS\System32\KERNELBASE.dll
0x00007ff8eafa0000 - 0x00007ff8eb043000 	C:\WINDOWS\System32\ADVAPI32.dll
0x00007ff8ecb80000 - 0x00007ff8ecc1e000 	C:\WINDOWS\System32\msvcrt.dll
0x00007ff8ecc30000 - 0x00007ff8eccc7000 	C:\WINDOWS\System32\sechost.dll
0x00007ff8ebda0000 - 0x00007ff8ebec0000 	C:\WINDOWS\System32\RPCRT4.dll
0x00007ff8ec7d0000 - 0x00007ff8ec964000 	C:\WINDOWS\System32\USER32.dll
0x00007ff8eaa10000 - 0x00007ff8eaa31000 	C:\WINDOWS\System32\win32u.dll
0x00007ff8eccd0000 - 0x00007ff8eccf6000 	C:\WINDOWS\System32\GDI32.dll
0x00007ff8eab50000 - 0x00007ff8eace4000 	C:\WINDOWS\System32\gdi32full.dll
0x00007ff8eaa60000 - 0x00007ff8eaafe000 	C:\WINDOWS\System32\msvcp_win.dll
0x00007ff8eacf0000 - 0x00007ff8eadea000 	C:\WINDOWS\System32\ucrtbase.dll
0x00007ff8da8a0000 - 0x00007ff8dab24000 	C:\WINDOWS\WinSxS\amd64_microsoft.windows.common-controls_6595b64144ccf1df_6.0.18362.836_none_e6c4b943130f18ed\COMCTL32.dll
0x00007ff8ec3e0000 - 0x00007ff8ec716000 	C:\WINDOWS\System32\combase.dll
0x00007ff8e9cd0000 - 0x00007ff8e9d50000 	C:\WINDOWS\System32\bcryptPrimitives.dll
0x00007ff8eb050000 - 0x00007ff8eb07e000 	C:\WINDOWS\System32\IMM32.DLL
0x000000005df10000 - 0x000000005dfe2000 	C:\Program Files\Java\jre1.8.0_131\bin\msvcr100.dll
0x000000005ea10000 - 0x000000005f2ac000 	C:\Program Files\Java\jre1.8.0_131\bin\server\jvm.dll
0x00007ff8eadf0000 - 0x00007ff8eadf8000 	C:\WINDOWS\System32\PSAPI.DLL
0x00007ff8c9020000 - 0x00007ff8c9029000 	C:\WINDOWS\SYSTEM32\WSOCK32.dll
0x00007ff8ec290000 - 0x00007ff8ec2ff000 	C:\WINDOWS\System32\WS2_32.dll
0x00007ff8e0090000 - 0x00007ff8e009a000 	C:\WINDOWS\SYSTEM32\VERSION.dll
0x00007ff8e6c90000 - 0x00007ff8e6cb4000 	C:\WINDOWS\SYSTEM32\WINMM.dll
0x00007ff8e65a0000 - 0x00007ff8e65cd000 	C:\WINDOWS\SYSTEM32\winmmbase.dll
0x00007ff8eab00000 - 0x00007ff8eab4a000 	C:\WINDOWS\System32\cfgmgr32.dll
0x000000005e920000 - 0x000000005e92f000 	C:\Program Files\Java\jre1.8.0_131\bin\verify.dll
0x000000005e8f0000 - 0x000000005e919000 	C:\Program Files\Java\jre1.8.0_131\bin\java.dll
0x000000005e8d0000 - 0x000000005e8e6000 	C:\Program Files\Java\jre1.8.0_131\bin\zip.dll
0x00007ff8eb240000 - 0x00007ff8eb924000 	C:\WINDOWS\System32\SHELL32.dll
0x00007ff8ec720000 - 0x00007ff8ec7c9000 	C:\WINDOWS\System32\shcore.dll
0x00007ff8e9d50000 - 0x00007ff8ea4ce000 	C:\WINDOWS\System32\windows.storage.dll
0x00007ff8e9ca0000 - 0x00007ff8e9cc3000 	C:\WINDOWS\System32\profapi.dll
0x00007ff8e9c30000 - 0x00007ff8e9c7a000 	C:\WINDOWS\System32\powrprof.dll
0x00007ff8e9c00000 - 0x00007ff8e9c10000 	C:\WINDOWS\System32\UMPDC.dll
0x00007ff8eb1e0000 - 0x00007ff8eb232000 	C:\WINDOWS\System32\shlwapi.dll
0x00007ff8e9c10000 - 0x00007ff8e9c21000 	C:\WINDOWS\System32\kernel.appcore.dll
0x00007ff8eaa40000 - 0x00007ff8eaa57000 	C:\WINDOWS\System32\cryptsp.dll
0x000000005d830000 - 0x000000005d9c8000 	C:\Program Files\Java\jre1.8.0_131\bin\awt.dll
0x00007ff8ec310000 - 0x00007ff8ec3d4000 	C:\WINDOWS\System32\OLEAUT32.dll
0x00007ff8e7590000 - 0x00007ff8e761f000 	C:\WINDOWS\SYSTEM32\apphelp.dll
0x00007ff8e7ac0000 - 0x00007ff8e7aed000 	C:\WINDOWS\system32\DWMAPI.DLL
0x00007ff8e7690000 - 0x00007ff8e7729000 	C:\WINDOWS\system32\uxtheme.dll
0x00007ff8c8bc0000 - 0x00007ff8c8d16000 	C:\WINDOWS\system32\opengl32.dll
0x00007ff8c9590000 - 0x00007ff8c95bc000 	C:\WINDOWS\SYSTEM32\GLU32.dll
0x00007ff8e8840000 - 0x00007ff8e8860000 	C:\WINDOWS\SYSTEM32\dxcore.dll
0x00007ff8ec970000 - 0x00007ff8ecaa6000 	C:\WINDOWS\System32\MSCTF.dll
0x00007ff8eb080000 - 0x00007ff8eb1d7000 	C:\WINDOWS\System32\ole32.dll
0x000000005d7e0000 - 0x000000005d827000 	C:\Program Files\Java\jre1.8.0_131\bin\fontmanager.dll
0x000000005e8b0000 - 0x000000005e8ca000 	C:\Program Files\Java\jre1.8.0_131\bin\net.dll
0x00007ff8e9440000 - 0x00007ff8e94a7000 	C:\WINDOWS\system32\mswsock.dll
0x000000005e890000 - 0x000000005e8a1000 	C:\Program Files\Java\jre1.8.0_131\bin\nio.dll
0x000000005d790000 - 0x000000005d7d2000 	C:\Program Files\Java\jre1.8.0_131\bin\t2k.dll
0x00007ff8c9e30000 - 0x00007ff8c9ece000 	C:\WINDOWS\System32\TextInputFramework.dll
0x00007ff8e6ea0000 - 0x00007ff8e6f74000 	C:\WINDOWS\System32\CoreMessaging.dll
0x00007ff8e5180000 - 0x00007ff8e54aa000 	C:\WINDOWS\System32\CoreUIComponents.dll
0x00007ff8e4e80000 - 0x00007ff8e4fd3000 	C:\WINDOWS\SYSTEM32\wintypes.dll
0x00007ff8e8c30000 - 0x00007ff8e8c61000 	C:\WINDOWS\SYSTEM32\ntmarta.dll
0x00007ff8da5f0000 - 0x00007ff8da896000 	C:\WINDOWS\System32\iertutil.dll

VM Arguments:
jvm_args: -Dfile.encoding=GBK 
java_command: 生命游戏.startGame
java_class_path (initial): C:\Program Files\Java\jre1.8.0_131\lib\resources.jar;C:\Program Files\Java\jre1.8.0_131\lib\rt.jar;C:\Program Files\Java\jre1.8.0_131\lib\jsse.jar;C:\Program Files\Java\jre1.8.0_131\lib\jce.jar;C:\Program Files\Java\jre1.8.0_131\lib\charsets.jar;C:\Program Files\Java\jre1.8.0_131\lib\jfr.jar;C:\Program Files\Java\jre1.8.0_131\lib\ext\access-bridge-64.jar;C:\Program Files\Java\jre1.8.0_131\lib\ext\cldrdata.jar;C:\Program Files\Java\jre1.8.0_131\lib\ext\dnsns.jar;C:\Program Files\Java\jre1.8.0_131\lib\ext\jaccess.jar;C:\Program Files\Java\jre1.8.0_131\lib\ext\jfxrt.jar;C:\Program Files\Java\jre1.8.0_131\lib\ext\localedata.jar;C:\Program Files\Java\jre1.8.0_131\lib\ext\nashorn.jar;C:\Program Files\Java\jre1.8.0_131\lib\ext\sunec.jar;C:\Program Files\Java\jre1.8.0_131\lib\ext\sunjce_provider.jar;C:\Program Files\Java\jre1.8.0_131\lib\ext\sunmscapi.jar;C:\Program Files\Java\jre1.8.0_131\lib\ext\sunpkcs11.jar;C:\Program Files\Java\jre1.8.0_131\lib\ext\zipfs.jar;C:\Users\联想\Desktop\软件工程实验\生命游戏\bin;C:\Users\联想\Desktop\软件工程实验\eclipse\plugins\org.junit_4.12.0.v201504281640\junit.jar;C:\Users\联想\Desktop\软件工程实验\eclipse\plugins\org.hamcrest.core_1.3.0.v201303031735.jar
Launcher Type: SUN_STANDARD

Environment Variables:
JAVA_HOME=C:\Program Files\Java\jdk1.7.0_01
CLASSPATH=.;C:\Program Files\Java\jdk1.7.0_01\lib\dt.jar;C:\Program Files\Java\jdk1.7.0_01\lib\tools.jar
PATH=C:/Program Files/Java/jre1.8.0_131/bin/server;C:/Program Files/Java/jre1.8.0_131/bin;C:/Program Files/Java/jre1.8.0_131/lib/amd64;C:\ProgramData\Oracle\Java\javapath;C:\Program Files (x86)\Common Files\Intel\Shared Libraries\redist\intel64\compiler;C:\Program Files (x86)\Intel\iCLS Client\;C:\Program Files\Intel\iCLS Client\;C:\Windows\system32;C:\Windows;C:\Windows\System32\Wbem;C:\Windows\System32\WindowsPowerShell\v1.0\;C:\Program Files (x86)\NVIDIA Corporation\PhysX\Common;C:\Program Files (x86)\Intel\Intel(R) Management Engine Components\DAL;C:\Program Files\Intel\Intel(R) Management Engine Components\DAL;C:\Program Files (x86)\Intel\Intel(R) Management Engine Components\IPT;C:\Program Files\Intel\Intel(R) Management Engine Components\IPT;C:\WINDOWS\system32;C:\WINDOWS;C:\WINDOWS\System32\Wbem;C:\WINDOWS\System32\WindowsPowerShell\v1.0\;C:\WINDOWS\System32\OpenSSH\;C:\Program Files\Common Files\Autodesk Shared\;C:\Program Files (x86)\Autodesk\Backburner\;C:\Program Files\NVIDIA Corporation\NVIDIA NvDLISR;C:\Program Files\JetBrains\Java\jdk1.7.0_01\bin;C:\WINDOWS\system32;C:\WINDOWS;C:\WINDOWS\System32\Wbem;C:\WINDOWS\System32\WindowsPowerShell\v1.0\;C:\WINDOWS\System32\OpenSSH\;C:\Program Files\dotnet\;C:\Program Files\Microsoft SQL Server\130\Tools\Binn\;C:\Users\联想\Desktop\JAVA实验\课程开发工具\Mysql服务器和客户端\mysql\bin;C:\Program Files\Microsoft SQL Server\Client SDK\ODBC\170\Tools\Binn\;D:\MATLAB\R2017b\runtime\win64;D:\MATLAB\R2017b\bin;C:\Users\联想\AppData\Local\Microsoft\WindowsApps;;D:\IntelliJ IDEA 2019.3.3\bin;;C:\Users\联想\Desktop\软件工程实验\eclipse;
USERNAME=联想
OS=Windows_NT
PROCESSOR_IDENTIFIER=Intel64 Family 6 Model 142 Stepping 10, GenuineIntel



---------------  S Y S T E M  ---------------

OS: Windows 10.0 , 64 bit Build 18362 (10.0.18362.778)

CPU:total 8 (initial active 8) (4 cores per cpu, 2 threads per core) family 6 model 142 stepping 10, cmov, cx8, fxsr, mmx, sse, sse2, sse3, ssse3, sse4.1, sse4.2, popcnt, avx, avx2, aes, clmul, erms, 3dnowpref, lzcnt, ht, tsc, tscinvbit, bmi1, bmi2, adx

Memory: 4k page, physical 8260324k(2521760k free), swap 8260324k(25588k free)

vm_info: Java HotSpot(TM) 64-Bit Server VM (25.131-b11) for windows-amd64 JRE (1.8.0_131-b11), built on Mar 15 2017 01:23:53 by "java_re" with MS VC++ 10.0 (VS2010)

time: Mon Jun 01 19:05:00 2020
elapsed time: 244 seconds (0d 0h 4m 4s)

