#
# There is insufficient memory for the Java Runtime Environment to continue.
# Native memory allocation (malloc) failed to allocate 1048576 bytes for AllocateHeap
# Possible reasons:
#   The system is out of physical RAM or swap space
#   In 32 bit mode, the process size limit was hit
# Possible solutions:
#   Reduce memory load on the system
#   Increase physical memory or swap space
#   Check if swap backing store is full
#   Use 64 bit Java on a 64 bit OS
#   Decrease Java heap size (-Xmx/-Xms)
#   Decrease number of Java threads
#   Decrease Java thread stack sizes (-Xss)
#   Set larger code cache with -XX:ReservedCodeCacheSize=
# This output file may be truncated or incomplete.
#
#  Out of Memory Error (memory/allocation.inline.hpp:61), pid=14284, tid=0x00000000000005f8
#
# JRE version:  (8.0_131-b11) (build )
# Java VM: Java HotSpot(TM) 64-Bit Server VM (25.131-b11 mixed mode windows-amd64 compressed oops)
# Failed to write core dump. Minidumps are not enabled by default on client versions of Windows
#

---------------  T H R E A D  ---------------

Current thread (0x000000000271e000):  JavaThread "Unknown thread" [_thread_in_vm, id=1528, stack(0x00000000025b0000,0x00000000026b0000)]

Stack: [0x00000000025b0000,0x00000000026b0000]
[error occurred during error reporting (printing stack bounds), id 0xc0000005]

Native frames: (J=compiled Java code, j=interpreted, Vv=VM code, C=native code)


---------------  P R O C E S S  ---------------

Java Threads: ( => current thread )

Other Threads:

=>0x000000000271e000 (exited) JavaThread "Unknown thread" [_thread_in_vm, id=1528, stack(0x00000000025b0000,0x00000000026b0000)]

VM state:not at safepoint (normal execution)

VM Mutex/Monitor currently owned by a thread: None

Heap:
 PSYoungGen      total 38400K, used 665K [0x00000000d5f80000, 0x00000000d8a00000, 0x0000000100000000)
  eden space 33280K, 2% used [0x00000000d5f80000,0x00000000d6026670,0x00000000d8000000)
  from space 5120K, 0% used [0x00000000d8500000,0x00000000d8500000,0x00000000d8a00000)
  to   space 5120K, 0% used [0x00000000d8000000,0x00000000d8000000,0x00000000d8500000)
 ParOldGen       total 87552K, used 0K [0x0000000081e00000, 0x0000000087380000, 0x00000000d5f80000)
  object space 87552K, 0% used [0x0000000081e00000,0x0000000081e00000,0x0000000087380000)
 Metaspace       used 746K, capacity 4480K, committed 4480K, reserved 1056768K
  class space    used 75K, capacity 384K, committed 384K, reserved 1048576K

Card table byte_map: [0x0000000011be0000,0x0000000011fe0000] byte_map_base: 0x00000000117d1000

Marking Bits: (ParMarkBitMap*) 0x00000000516fc720
 Begin Bits: [0x0000000012a90000, 0x0000000014a18000)
 End Bits:   [0x0000000014a18000, 0x00000000169a0000)

Polling page: 0x00000000009d0000

CodeCache: size=245760Kb used=328Kb max_used=328Kb free=245431Kb
 bounds [0x0000000002820000, 0x0000000002a90000, 0x0000000011820000]
 total_blobs=58 nmethods=0 adapters=38
 compilation: enabled

Compilation events (0 events):
No events

GC Heap History (0 events):
No events

Deoptimization events (0 events):
No events

Internal exceptions (0 events):
No events

Events (10 events):
Event: 0.036 loading class java/lang/Short
Event: 0.036 loading class java/lang/Short done
Event: 0.036 loading class java/lang/Integer
Event: 0.036 loading class java/lang/Integer done
Event: 0.036 loading class java/lang/Long
Event: 0.036 loading class java/lang/Long done
Event: 0.036 loading class java/lang/NullPointerException
Event: 0.037 loading class java/lang/NullPointerException done
Event: 0.037 loading class java/lang/ArithmeticException
Event: 0.037 loading class java/lang/ArithmeticException done


Dynamic libraries:
0x00007ff70d740000 - 0x00007ff70d777000 	C:\Program Files\Java\jre1.8.0_131\bin\javaw.exe
0x00007ffd39820000 - 0x00007ffd39a10000 	C:\WINDOWS\SYSTEM32\ntdll.dll
0x00007ffd38d20000 - 0x00007ffd38dd2000 	C:\WINDOWS\System32\KERNEL32.DLL
0x00007ffd36a00000 - 0x00007ffd36ca3000 	C:\WINDOWS\System32\KERNELBASE.dll
0x00007ffd392b0000 - 0x00007ffd39353000 	C:\WINDOWS\System32\ADVAPI32.dll
0x00007ffd38c10000 - 0x00007ffd38cae000 	C:\WINDOWS\System32\msvcrt.dll
0x00007ffd38de0000 - 0x00007ffd38e77000 	C:\WINDOWS\System32\sechost.dll
0x00007ffd37950000 - 0x00007ffd37a70000 	C:\WINDOWS\System32\RPCRT4.dll
0x00007ffd39110000 - 0x00007ffd392a4000 	C:\WINDOWS\System32\USER32.dll
0x00007ffd36ea0000 - 0x00007ffd36ec1000 	C:\WINDOWS\System32\win32u.dll
0x00007ffd37b50000 - 0x00007ffd37b76000 	C:\WINDOWS\System32\GDI32.dll
0x00007ffd36d00000 - 0x00007ffd36e94000 	C:\WINDOWS\System32\gdi32full.dll
0x00007ffd36860000 - 0x00007ffd368fe000 	C:\WINDOWS\System32\msvcp_win.dll
0x00007ffd36900000 - 0x00007ffd369fa000 	C:\WINDOWS\System32\ucrtbase.dll
0x00007ffd27360000 - 0x00007ffd275e5000 	C:\WINDOWS\WinSxS\amd64_microsoft.windows.common-controls_6595b64144ccf1df_6.0.18362.778_none_e6c6b761130d4fb8\COMCTL32.dll
0x00007ffd39370000 - 0x00007ffd396a6000 	C:\WINDOWS\System32\combase.dll
0x00007ffd367b0000 - 0x00007ffd36830000 	C:\WINDOWS\System32\bcryptPrimitives.dll
0x00007ffd390e0000 - 0x00007ffd3910e000 	C:\WINDOWS\System32\IMM32.DLL
0x0000000050c40000 - 0x0000000050d12000 	C:\Program Files\Java\jre1.8.0_131\bin\msvcr100.dll
0x0000000050ee0000 - 0x000000005177c000 	C:\Program Files\Java\jre1.8.0_131\bin\server\jvm.dll
0x00007ffd38130000 - 0x00007ffd38138000 	C:\WINDOWS\System32\PSAPI.DLL
0x00007ffd33a00000 - 0x00007ffd33a24000 	C:\WINDOWS\SYSTEM32\WINMM.dll
0x00007ffd2d880000 - 0x00007ffd2d88a000 	C:\WINDOWS\SYSTEM32\VERSION.dll
0x00007ffd0cfd0000 - 0x00007ffd0cfd9000 	C:\WINDOWS\SYSTEM32\WSOCK32.dll
0x00007ffd38140000 - 0x00007ffd381af000 	C:\WINDOWS\System32\WS2_32.dll
0x00007ffd33390000 - 0x00007ffd333bd000 	C:\WINDOWS\SYSTEM32\winmmbase.dll
0x00007ffd36cb0000 - 0x00007ffd36cfa000 	C:\WINDOWS\System32\cfgmgr32.dll
0x0000000050df0000 - 0x0000000050dff000 	C:\Program Files\Java\jre1.8.0_131\bin\verify.dll
0x0000000050dc0000 - 0x0000000050de9000 	C:\Program Files\Java\jre1.8.0_131\bin\java.dll
0x0000000050da0000 - 0x0000000050db6000 	C:\Program Files\Java\jre1.8.0_131\bin\zip.dll

VM Arguments:
jvm_args: -Dfile.encoding=GBK 
java_command: 生命游戏.startGame
java_class_path (initial): C:\Program Files\Java\jre1.8.0_131\lib\resources.jar;C:\Program Files\Java\jre1.8.0_131\lib\rt.jar;C:\Program Files\Java\jre1.8.0_131\lib\jsse.jar;C:\Program Files\Java\jre1.8.0_131\lib\jce.jar;C:\Program Files\Java\jre1.8.0_131\lib\charsets.jar;C:\Program Files\Java\jre1.8.0_131\lib\jfr.jar;C:\Program Files\Java\jre1.8.0_131\lib\ext\access-bridge-64.jar;C:\Program Files\Java\jre1.8.0_131\lib\ext\cldrdata.jar;C:\Program Files\Java\jre1.8.0_131\lib\ext\dnsns.jar;C:\Program Files\Java\jre1.8.0_131\lib\ext\jaccess.jar;C:\Program Files\Java\jre1.8.0_131\lib\ext\jfxrt.jar;C:\Program Files\Java\jre1.8.0_131\lib\ext\localedata.jar;C:\Program Files\Java\jre1.8.0_131\lib\ext\nashorn.jar;C:\Program Files\Java\jre1.8.0_131\lib\ext\sunec.jar;C:\Program Files\Java\jre1.8.0_131\lib\ext\sunjce_provider.jar;C:\Program Files\Java\jre1.8.0_131\lib\ext\sunmscapi.jar;C:\Program Files\Java\jre1.8.0_131\lib\ext\sunpkcs11.jar;C:\Program Files\Java\jre1.8.0_131\lib\ext\zipfs.jar;C:\Users\联想\Desktop\软件工程实验\生命游戏\bin;C:\Users\联想\Desktop\软件工程实验\eclipse\plugins\org.junit_4.12.0.v201504281640\junit.jar;C:\Users\联想\Desktop\软件工程实验\eclipse\plugins\org.hamcrest.core_1.3.0.v201303031735.jar
Launcher Type: SUN_STANDARD

Environment Variables:
JAVA_HOME=C:\Program Files\Java\jdk1.7.0_01
CLASSPATH=.;C:\Program Files\Java\jdk1.7.0_01\lib\dt.jar;C:\Program Files\Java\jdk1.7.0_01\lib\tools.jar
PATH=C:/Program Files/Java/jre1.8.0_131/bin/server;C:/Program Files/Java/jre1.8.0_131/bin;C:/Program Files/Java/jre1.8.0_131/lib/amd64;C:\ProgramData\Oracle\Java\javapath;C:\Program Files (x86)\Common Files\Intel\Shared Libraries\redist\intel64\compiler;C:\Program Files (x86)\Intel\iCLS Client\;C:\Program Files\Intel\iCLS Client\;C:\Windows\system32;C:\Windows;C:\Windows\System32\Wbem;C:\Windows\System32\WindowsPowerShell\v1.0\;C:\Program Files (x86)\NVIDIA Corporation\PhysX\Common;C:\Program Files (x86)\Intel\Intel(R) Management Engine Components\DAL;C:\Program Files\Intel\Intel(R) Management Engine Components\DAL;C:\Program Files (x86)\Intel\Intel(R) Management Engine Components\IPT;C:\Program Files\Intel\Intel(R) Management Engine Components\IPT;C:\WINDOWS\system32;C:\WINDOWS;C:\WINDOWS\System32\Wbem;C:\WINDOWS\System32\WindowsPowerShell\v1.0\;C:\WINDOWS\System32\OpenSSH\;C:\Program Files\Common Files\Autodesk Shared\;C:\Program Files (x86)\Autodesk\Backburner\;C:\Program Files\NVIDIA Corporation\NVIDIA NvDLISR;C:\Program Files\JetBrains\Java\jdk1.7.0_01\bin;C:\WINDOWS\system32;C:\WINDOWS;C:\WINDOWS\System32\Wbem;C:\WINDOWS\System32\WindowsPowerShell\v1.0\;C:\WINDOWS\System32\OpenSSH\;C:\Program Files\dotnet\;C:\Program Files\Microsoft SQL Server\130\Tools\Binn\;C:\Users\联想\Desktop\JAVA实验\课程开发工具\Mysql服务器和客户端\mysql\bin;C:\Program Files\Microsoft SQL Server\Client SDK\ODBC\170\Tools\Binn\;D:\MATLAB\R2017b\runtime\win64;D:\MATLAB\R2017b\bin;C:\Users\联想\AppData\Local\Microsoft\WindowsApps;;D:\IntelliJ IDEA 2019.3.3\bin;;C:\Users\联想\Desktop\软件工程实验\eclipse;
USERNAME=联想
OS=Windows_NT
PROCESSOR_IDENTIFIER=Intel64 Family 6 Model 142 Stepping 10, GenuineIntel



---------------  S Y S T E M  ---------------

OS: Windows 10.0 , 64 bit Build 18362 (10.0.18362.778)

CPU:total 8 (initial active 8) (4 cores per cpu, 2 threads per core) family 6 model 142 stepping 10, cmov, cx8, fxsr, mmx, sse, sse2, sse3, ssse3, sse4.1, sse4.2, popcnt, avx, avx2, aes, clmul, erms, 3dnowpref, lzcnt, ht, tsc, tscinvbit, bmi1, bmi2, adx

Memory: 4k page, physical 8260324k(1808792k free), swap 8260324k(6072k free)

vm_info: Java HotSpot(TM) 64-Bit Server VM (25.131-b11) for windows-amd64 JRE (1.8.0_131-b11), built on Mar 15 2017 01:23:53 by "java_re" with MS VC++ 10.0 (VS2010)

time: Sat May 23 19:45:26 2020
elapsed time: 0 seconds (0d 0h 0m 0s)

