#
# There is insufficient memory for the Java Runtime Environment to continue.
# Native memory allocation (malloc) failed to allocate 32744 bytes for ChunkPool::allocate
# Possible reasons:
#   The system is out of physical RAM or swap space
#   In 32 bit mode, the process size limit was hit
# Possible solutions:
#   Reduce memory load on the system
#   Increase physical memory or swap space
#   Check if swap backing store is full
#   Use 64 bit Java on a 64 bit OS
#   Decrease Java heap size (-Xmx/-Xms)
#   Decrease number of Java threads
#   Decrease Java thread stack sizes (-Xss)
#   Set larger code cache with -XX:ReservedCodeCacheSize=
# This output file may be truncated or incomplete.
#
#  Out of Memory Error (allocation.cpp:273), pid=5692, tid=0x0000000000000b40
#
# JRE version: Java(TM) SE Runtime Environment (8.0_131-b11) (build 1.8.0_131-b11)
# Java VM: Java HotSpot(TM) 64-Bit Server VM (25.131-b11 mixed mode windows-amd64 compressed oops)
# Failed to write core dump. Minidumps are not enabled by default on client versions of Windows
#

---------------  T H R E A D  ---------------

Current thread (0x000000001a1a1000):  JavaThread "C2 CompilerThread1" daemon [_thread_in_native, id=2880, stack(0x000000001a970000,0x000000001aa70000)]

Stack: [0x000000001a970000,0x000000001aa70000]
[error occurred during error reporting (printing stack bounds), id 0xc0000005]

Native frames: (J=compiled Java code, j=interpreted, Vv=VM code, C=native code)


Current CompileTask:
C2:6290612  781       4       java.awt.Container::updateGraphicsData (59 bytes)


---------------  P R O C E S S  ---------------

Java Threads: ( => current thread )
  0x00000000032be000 JavaThread "DestroyJavaVM" [_thread_blocked, id=12152, stack(0x0000000002ce0000,0x0000000002de0000)]
  0x000000001b30b800 JavaThread "AWT-EventQueue-0" [_thread_blocked, id=3216, stack(0x000000001c3b0000,0x000000001c4b0000)]
  0x000000001afc0000 JavaThread "AWT-Windows" daemon [_thread_in_native, id=9904, stack(0x000000001b9c0000,0x000000001bac0000)]
  0x000000001afbf800 JavaThread "AWT-Shutdown" [_thread_blocked, id=7064, stack(0x000000001b8c0000,0x000000001b9c0000)]
  0x000000001af70000 JavaThread "Java2D Disposer" daemon [_thread_blocked, id=5344, stack(0x000000001b720000,0x000000001b820000)]
  0x000000001a234800 JavaThread "Service Thread" daemon [_thread_blocked, id=524, stack(0x000000001ac70000,0x000000001ad70000)]
  0x000000001a1b1000 JavaThread "C1 CompilerThread3" daemon [_thread_blocked, id=16772, stack(0x000000001ab70000,0x000000001ac70000)]
  0x000000001a1a5000 JavaThread "C2 CompilerThread2" daemon [_thread_blocked, id=7536, stack(0x000000001aa70000,0x000000001ab70000)]
=>0x000000001a1a1000 JavaThread "C2 CompilerThread1" daemon [_thread_in_native, id=2880, stack(0x000000001a970000,0x000000001aa70000)]
  0x000000001a19b000 JavaThread "C2 CompilerThread0" daemon [_thread_blocked, id=7488, stack(0x000000001a870000,0x000000001a970000)]
  0x000000001a195800 JavaThread "Attach Listener" daemon [_thread_blocked, id=9288, stack(0x000000001a770000,0x000000001a870000)]
  0x000000001823e800 JavaThread "Signal Dispatcher" daemon [_thread_blocked, id=3964, stack(0x000000001a670000,0x000000001a770000)]
  0x000000001a130800 JavaThread "Finalizer" daemon [_thread_blocked, id=2804, stack(0x000000001a510000,0x000000001a610000)]
  0x000000001822d000 JavaThread "Reference Handler" daemon [_thread_blocked, id=3344, stack(0x000000001a010000,0x000000001a110000)]

Other Threads:
  0x0000000018229000 VMThread [stack: 0x0000000019f10000,0x000000001a010000] [id=4392]
  0x000000001a28f800 WatcherThread [stack: 0x000000001ad70000,0x000000001ae70000] [id=12700]

VM state:not at safepoint (normal execution)

VM Mutex/Monitor currently owned by a thread: None

Heap:
 PSYoungGen      total 38400K, used 12151K [0x00000000d5f80000, 0x00000000d8a00000, 0x0000000100000000)
  eden space 33280K, 36% used [0x00000000d5f80000,0x00000000d6b5dea8,0x00000000d8000000)
  from space 5120K, 0% used [0x00000000d8500000,0x00000000d8500000,0x00000000d8a00000)
  to   space 5120K, 0% used [0x00000000d8000000,0x00000000d8000000,0x00000000d8500000)
 ParOldGen       total 87552K, used 0K [0x0000000081e00000, 0x0000000087380000, 0x00000000d5f80000)
  object space 87552K, 0% used [0x0000000081e00000,0x0000000081e00000,0x0000000087380000)
 Metaspace       used 9520K, capacity 9734K, committed 9984K, reserved 1058816K
  class space    used 1138K, capacity 1196K, committed 1280K, reserved 1048576K

Card table byte_map: [0x0000000012680000,0x0000000012a80000] byte_map_base: 0x0000000012271000

Marking Bits: (ParMarkBitMap*) 0x000000006d13c720
 Begin Bits: [0x0000000013530000, 0x00000000154b8000)
 End Bits:   [0x00000000154b8000, 0x0000000017440000)

Polling page: 0x0000000000f10000

CodeCache: size=245760Kb used=3005Kb max_used=3016Kb free=242755Kb
 bounds [0x00000000032c0000, 0x00000000035c0000, 0x00000000122c0000]
 total_blobs=1234 nmethods=780 adapters=367
 compilation: enabled

Compilation events (10 events):
Event: 6272.764 Thread 0x000000001a1b1000 nmethod 776 0x00000000035afd50 code [0x00000000035afea0, 0x00000000035affb0]
Event: 6272.767 Thread 0x000000001a1b1000  777       3       java.util.HashMap::getNode (148 bytes)
Event: 6272.768 Thread 0x000000001a1b1000 nmethod 777 0x00000000035aef10 code [0x00000000035af0e0, 0x00000000035afa88]
Event: 6272.801 Thread 0x000000001a1a1000  778       4       java.util.Arrays::binarySearch0 (95 bytes)
Event: 6272.803 Thread 0x000000001a1a1000 nmethod 778 0x00000000035aea10 code [0x00000000035aeb60, 0x00000000035aed18]
Event: 6290.325 Thread 0x000000001a1a5000  779       4       java.util.ArrayList::iterator (10 bytes)
Event: 6290.326 Thread 0x000000001a1a5000 nmethod 779 0x00000000035ae6d0 code [0x00000000035ae820, 0x00000000035ae928]
Event: 6290.576 Thread 0x000000001a19b000  780       4       java.util.ArrayList$Itr::<init> (6 bytes)
Event: 6290.577 Thread 0x000000001a19b000 nmethod 780 0x00000000035b44d0 code [0x00000000035b4600, 0x00000000035b4698]
Event: 6290.609 Thread 0x000000001a1a1000  781       4       java.awt.Container::updateGraphicsData (59 bytes)

GC Heap History (0 events):
No events

Deoptimization events (10 events):
Event: 0.319 Thread 0x00000000032be000 Uncommon trap: reason=class_check action=maybe_recompile pc=0x0000000003477b94 method=java.util.HashMap.getNode(ILjava/lang/Object;)Ljava/util/HashMap$Node; @ 59
Event: 0.365 Thread 0x00000000032be000 Uncommon trap: reason=unstable_if action=reinterpret pc=0x00000000034d7744 method=java.util.HashMap.getNode(ILjava/lang/Object;)Ljava/util/HashMap$Node; @ 116
Event: 0.365 Thread 0x00000000032be000 Uncommon trap: reason=unstable_if action=reinterpret pc=0x00000000034d8128 method=java.util.HashMap.getNode(ILjava/lang/Object;)Ljava/util/HashMap$Node; @ 116
Event: 0.382 Thread 0x00000000032be000 Uncommon trap: reason=class_check action=maybe_recompile pc=0x00000000034f6eac method=java.awt.Container.getComponent(I)Ljava/awt/Component; @ 10
Event: 0.383 Thread 0x00000000032be000 Uncommon trap: reason=class_check action=maybe_recompile pc=0x00000000034f6eac method=java.awt.Container.getComponent(I)Ljava/awt/Component; @ 10
Event: 0.403 Thread 0x00000000032be000 Uncommon trap: reason=class_check action=maybe_recompile pc=0x00000000034f6eac method=java.awt.Container.getComponent(I)Ljava/awt/Component; @ 10
Event: 0.404 Thread 0x00000000032be000 Uncommon trap: reason=class_check action=maybe_recompile pc=0x00000000034f6eac method=java.awt.Container.getComponent(I)Ljava/awt/Component; @ 10
Event: 0.409 Thread 0x000000001b30b800 Uncommon trap: reason=unstable_if action=reinterpret pc=0x00000000034eeb14 method=java.awt.Component.isValid()Z @ 11
Event: 0.433 Thread 0x000000001b30b800 Uncommon trap: reason=unstable_if action=reinterpret pc=0x00000000034c72e4 method=sun.awt.SunToolkit.getAppContext(Ljava/lang/Object;)Lsun/awt/AppContext; @ 4
Event: 0.442 Thread 0x000000001b30b800 Uncommon trap: reason=unstable_if action=reinterpret pc=0x0000000003500eb4 method=java.util.ArrayList.indexOf(Ljava/lang/Object;)I @ 41

Internal exceptions (10 events):
Event: 0.143 Thread 0x00000000032be000 Exception <a 'java/security/PrivilegedActionException'> (0x00000000d60741b8) thrown at [C:\re\workspace\8-2-build-windows-amd64-cygwin\jdk8u131\8869\hotspot\src\share\vm\prims\jvm.cpp, line 1390]
Event: 0.144 Thread 0x00000000032be000 Exception <a 'java/security/PrivilegedActionException'> (0x00000000d60743c8) thrown at [C:\re\workspace\8-2-build-windows-amd64-cygwin\jdk8u131\8869\hotspot\src\share\vm\prims\jvm.cpp, line 1390]
Event: 0.145 Thread 0x00000000032be000 Exception <a 'java/security/PrivilegedActionException'> (0x00000000d6078038) thrown at [C:\re\workspace\8-2-build-windows-amd64-cygwin\jdk8u131\8869\hotspot\src\share\vm\prims\jvm.cpp, line 1390]
Event: 0.145 Thread 0x00000000032be000 Exception <a 'java/security/PrivilegedActionException'> (0x00000000d6078248) thrown at [C:\re\workspace\8-2-build-windows-amd64-cygwin\jdk8u131\8869\hotspot\src\share\vm\prims\jvm.cpp, line 1390]
Event: 0.157 Thread 0x00000000032be000 Exception <a 'java/io/FileNotFoundException'> (0x00000000d609ae10) thrown at [C:\re\workspace\8-2-build-windows-amd64-cygwin\jdk8u131\8869\hotspot\src\share\vm\prims\jni.cpp, line 709]
Event: 0.181 Thread 0x00000000032be000 Exception <a 'java/lang/NoSuchFieldError': method resolution failed> (0x00000000d620ec28) thrown at [C:\re\workspace\8-2-build-windows-amd64-cygwin\jdk8u131\8869\hotspot\src\share\vm\prims\methodHandles.cpp, line 1146]
Event: 0.182 Thread 0x00000000032be000 Exception <a 'java/lang/NoSuchFieldError': method resolution failed> (0x00000000d621c438) thrown at [C:\re\workspace\8-2-build-windows-amd64-cygwin\jdk8u131\8869\hotspot\src\share\vm\prims\methodHandles.cpp, line 1146]
Event: 0.215 Thread 0x00000000032be000 Exception <a 'java/io/FileNotFoundException'> (0x00000000d62afe58) thrown at [C:\re\workspace\8-2-build-windows-amd64-cygwin\jdk8u131\8869\hotspot\src\share\vm\prims\jni.cpp, line 709]
Event: 0.347 Thread 0x00000000032be000 Exception <a 'java/io/FileNotFoundException'> (0x00000000d64f5598) thrown at [C:\re\workspace\8-2-build-windows-amd64-cygwin\jdk8u131\8869\hotspot\src\share\vm\prims\jni.cpp, line 709]
Event: 0.347 Thread 0x00000000032be000 Exception <a 'java/lang/NullPointerException'> (0x00000000d64f5bd0) thrown at [C:\re\workspace\8-2-build-windows-amd64-cygwin\jdk8u131\8869\hotspot\src\share\vm\interpreter\linkResolver.cpp, line 1197]

Events (10 events):
Event: 6272.694 loading class sun/awt/windows/WToolkit$3
Event: 6272.694 loading class sun/awt/windows/WToolkit$3 done
Event: 6272.695 loading class java/util/WeakHashMap$KeyIterator
Event: 6272.695 loading class java/util/WeakHashMap$HashIterator
Event: 6272.695 loading class java/util/WeakHashMap$HashIterator done
Event: 6272.695 loading class java/util/WeakHashMap$KeyIterator done
Event: 6272.766 loading class javax/swing/RepaintManager$DisplayChangedRunnable
Event: 6272.766 loading class javax/swing/RepaintManager$DisplayChangedRunnable done
Event: 6290.576 loading class java/util/ArrayList$1
Event: 6290.576 loading class java/util/ArrayList$1 done


Dynamic libraries:
0x00007ff6ff890000 - 0x00007ff6ff8c7000 	C:\Program Files\Java\jre1.8.0_131\bin\javaw.exe
0x00007ffb8f520000 - 0x00007ffb8f710000 	C:\WINDOWS\SYSTEM32\ntdll.dll
0x00007ffb8e670000 - 0x00007ffb8e722000 	C:\WINDOWS\System32\KERNEL32.DLL
0x00007ffb8c780000 - 0x00007ffb8ca24000 	C:\WINDOWS\System32\KERNELBASE.dll
0x00007ffb8d5d0000 - 0x00007ffb8d673000 	C:\WINDOWS\System32\ADVAPI32.dll
0x00007ffb8ed50000 - 0x00007ffb8edee000 	C:\WINDOWS\System32\msvcrt.dll
0x00007ffb8f230000 - 0x00007ffb8f2c7000 	C:\WINDOWS\System32\sechost.dll
0x00007ffb8dee0000 - 0x00007ffb8e000000 	C:\WINDOWS\System32\RPCRT4.dll
0x00007ffb8f2e0000 - 0x00007ffb8f474000 	C:\WINDOWS\System32\USER32.dll
0x00007ffb8cbf0000 - 0x00007ffb8cc11000 	C:\WINDOWS\System32\win32u.dll
0x00007ffb8ddd0000 - 0x00007ffb8ddf6000 	C:\WINDOWS\System32\GDI32.dll
0x00007ffb8d3a0000 - 0x00007ffb8d534000 	C:\WINDOWS\System32\gdi32full.dll
0x00007ffb8ca30000 - 0x00007ffb8cace000 	C:\WINDOWS\System32\msvcp_win.dll
0x00007ffb8caf0000 - 0x00007ffb8cbea000 	C:\WINDOWS\System32\ucrtbase.dll
0x00007ffb7ce00000 - 0x00007ffb7d084000 	C:\WINDOWS\WinSxS\amd64_microsoft.windows.common-controls_6595b64144ccf1df_6.0.18362.836_none_e6c4b943130f18ed\COMCTL32.dll
0x00007ffb8e240000 - 0x00007ffb8e576000 	C:\WINDOWS\System32\combase.dll
0x00007ffb8c700000 - 0x00007ffb8c780000 	C:\WINDOWS\System32\bcryptPrimitives.dll
0x00007ffb8e0d0000 - 0x00007ffb8e0fe000 	C:\WINDOWS\System32\IMM32.DLL
0x000000006be20000 - 0x000000006bef2000 	C:\Program Files\Java\jre1.8.0_131\bin\msvcr100.dll
0x000000006c920000 - 0x000000006d1bc000 	C:\Program Files\Java\jre1.8.0_131\bin\server\jvm.dll
0x00007ffb8f2d0000 - 0x00007ffb8f2d8000 	C:\WINDOWS\System32\PSAPI.DLL
0x00007ffb82870000 - 0x00007ffb8287a000 	C:\WINDOWS\SYSTEM32\VERSION.dll
0x00007ffb89470000 - 0x00007ffb89494000 	C:\WINDOWS\SYSTEM32\WINMM.dll
0x00007ffb7e5c0000 - 0x00007ffb7e5c9000 	C:\WINDOWS\SYSTEM32\WSOCK32.dll
0x00007ffb8e580000 - 0x00007ffb8e5ef000 	C:\WINDOWS\System32\WS2_32.dll
0x00007ffb88fb0000 - 0x00007ffb88fdd000 	C:\WINDOWS\SYSTEM32\winmmbase.dll
0x00007ffb8c4b0000 - 0x00007ffb8c4fa000 	C:\WINDOWS\System32\cfgmgr32.dll
0x000000006c830000 - 0x000000006c83f000 	C:\Program Files\Java\jre1.8.0_131\bin\verify.dll
0x000000006c800000 - 0x000000006c829000 	C:\Program Files\Java\jre1.8.0_131\bin\java.dll
0x000000006c7e0000 - 0x000000006c7f6000 	C:\Program Files\Java\jre1.8.0_131\bin\zip.dll
0x00007ffb8d680000 - 0x00007ffb8dd64000 	C:\WINDOWS\System32\SHELL32.dll
0x00007ffb8edf0000 - 0x00007ffb8ee99000 	C:\WINDOWS\System32\shcore.dll
0x00007ffb8cc20000 - 0x00007ffb8d39e000 	C:\WINDOWS\System32\windows.storage.dll
0x00007ffb8c430000 - 0x00007ffb8c453000 	C:\WINDOWS\System32\profapi.dll
0x00007ffb8c460000 - 0x00007ffb8c4aa000 	C:\WINDOWS\System32\powrprof.dll
0x00007ffb8c3e0000 - 0x00007ffb8c3f0000 	C:\WINDOWS\System32\UMPDC.dll
0x00007ffb8f480000 - 0x00007ffb8f4d2000 	C:\WINDOWS\System32\shlwapi.dll
0x00007ffb8c410000 - 0x00007ffb8c421000 	C:\WINDOWS\System32\kernel.appcore.dll
0x00007ffb8cad0000 - 0x00007ffb8cae7000 	C:\WINDOWS\System32\cryptsp.dll
0x000000006bc80000 - 0x000000006be18000 	C:\Program Files\Java\jre1.8.0_131\bin\awt.dll
0x00007ffb8e000000 - 0x00007ffb8e0c4000 	C:\WINDOWS\System32\OLEAUT32.dll
0x00007ffb89d70000 - 0x00007ffb89dff000 	C:\WINDOWS\SYSTEM32\apphelp.dll
0x00007ffb8a290000 - 0x00007ffb8a2bd000 	C:\WINDOWS\system32\DWMAPI.DLL
0x00007ffb89e70000 - 0x00007ffb89f09000 	C:\WINDOWS\system32\uxtheme.dll
0x00007ffb6b800000 - 0x00007ffb6b956000 	C:\WINDOWS\system32\opengl32.dll
0x00007ffb6be60000 - 0x00007ffb6be8c000 	C:\WINDOWS\SYSTEM32\GLU32.dll
0x00007ffb8b020000 - 0x00007ffb8b040000 	C:\WINDOWS\SYSTEM32\dxcore.dll
0x00007ffb8e100000 - 0x00007ffb8e236000 	C:\WINDOWS\System32\MSCTF.dll
0x00007ffb8eea0000 - 0x00007ffb8eff7000 	C:\WINDOWS\System32\ole32.dll
0x000000006bc30000 - 0x000000006bc77000 	C:\Program Files\Java\jre1.8.0_131\bin\fontmanager.dll
0x000000006c7c0000 - 0x000000006c7da000 	C:\Program Files\Java\jre1.8.0_131\bin\net.dll
0x00007ffb8bc20000 - 0x00007ffb8bc87000 	C:\WINDOWS\system32\mswsock.dll
0x000000006c7a0000 - 0x000000006c7b1000 	C:\Program Files\Java\jre1.8.0_131\bin\nio.dll
0x000000006bbe0000 - 0x000000006bc22000 	C:\Program Files\Java\jre1.8.0_131\bin\t2k.dll
0x00007ffb8ab10000 - 0x00007ffb8abae000 	C:\WINDOWS\System32\TextInputFramework.dll
0x00007ffb87860000 - 0x00007ffb87b8a000 	C:\WINDOWS\System32\CoreUIComponents.dll
0x00007ffb89680000 - 0x00007ffb89754000 	C:\WINDOWS\System32\CoreMessaging.dll
0x00007ffb8b410000 - 0x00007ffb8b441000 	C:\WINDOWS\SYSTEM32\ntmarta.dll
0x00007ffb87660000 - 0x00007ffb877b3000 	C:\WINDOWS\SYSTEM32\wintypes.dll
0x00007ffb7a270000 - 0x00007ffb7a516000 	C:\WINDOWS\System32\iertutil.dll

VM Arguments:
jvm_args: -Dfile.encoding=GBK 
java_command: 生命游戏.startGame
java_class_path (initial): C:\Program Files\Java\jre1.8.0_131\lib\resources.jar;C:\Program Files\Java\jre1.8.0_131\lib\rt.jar;C:\Program Files\Java\jre1.8.0_131\lib\jsse.jar;C:\Program Files\Java\jre1.8.0_131\lib\jce.jar;C:\Program Files\Java\jre1.8.0_131\lib\charsets.jar;C:\Program Files\Java\jre1.8.0_131\lib\jfr.jar;C:\Program Files\Java\jre1.8.0_131\lib\ext\access-bridge-64.jar;C:\Program Files\Java\jre1.8.0_131\lib\ext\cldrdata.jar;C:\Program Files\Java\jre1.8.0_131\lib\ext\dnsns.jar;C:\Program Files\Java\jre1.8.0_131\lib\ext\jaccess.jar;C:\Program Files\Java\jre1.8.0_131\lib\ext\jfxrt.jar;C:\Program Files\Java\jre1.8.0_131\lib\ext\localedata.jar;C:\Program Files\Java\jre1.8.0_131\lib\ext\nashorn.jar;C:\Program Files\Java\jre1.8.0_131\lib\ext\sunec.jar;C:\Program Files\Java\jre1.8.0_131\lib\ext\sunjce_provider.jar;C:\Program Files\Java\jre1.8.0_131\lib\ext\sunmscapi.jar;C:\Program Files\Java\jre1.8.0_131\lib\ext\sunpkcs11.jar;C:\Program Files\Java\jre1.8.0_131\lib\ext\zipfs.jar;C:\Users\联想\Desktop\软件工程实验\生命游戏\bin;C:\Users\联想\Desktop\软件工程实验\eclipse\plugins\org.junit_4.12.0.v201504281640\junit.jar;C:\Users\联想\Desktop\软件工程实验\eclipse\plugins\org.hamcrest.core_1.3.0.v201303031735.jar
Launcher Type: SUN_STANDARD

Environment Variables:
JAVA_HOME=C:\Program Files\Java\jdk1.7.0_01
CLASSPATH=.;C:\Program Files\Java\jdk1.7.0_01\lib\dt.jar;C:\Program Files\Java\jdk1.7.0_01\lib\tools.jar
PATH=C:/Program Files/Java/jre1.8.0_131/bin/server;C:/Program Files/Java/jre1.8.0_131/bin;C:/Program Files/Java/jre1.8.0_131/lib/amd64;C:\ProgramData\Oracle\Java\javapath;C:\Program Files (x86)\Common Files\Intel\Shared Libraries\redist\intel64\compiler;C:\Program Files (x86)\Intel\iCLS Client\;C:\Program Files\Intel\iCLS Client\;C:\Windows\system32;C:\Windows;C:\Windows\System32\Wbem;C:\Windows\System32\WindowsPowerShell\v1.0\;C:\Program Files (x86)\NVIDIA Corporation\PhysX\Common;C:\Program Files (x86)\Intel\Intel(R) Management Engine Components\DAL;C:\Program Files\Intel\Intel(R) Management Engine Components\DAL;C:\Program Files (x86)\Intel\Intel(R) Management Engine Components\IPT;C:\Program Files\Intel\Intel(R) Management Engine Components\IPT;C:\WINDOWS\system32;C:\WINDOWS;C:\WINDOWS\System32\Wbem;C:\WINDOWS\System32\WindowsPowerShell\v1.0\;C:\WINDOWS\System32\OpenSSH\;C:\Program Files\Common Files\Autodesk Shared\;C:\Program Files (x86)\Autodesk\Backburner\;C:\Program Files\NVIDIA Corporation\NVIDIA NvDLISR;C:\Program Files\JetBrains\Java\jdk1.7.0_01\bin;C:\WINDOWS\system32;C:\WINDOWS;C:\WINDOWS\System32\Wbem;C:\WINDOWS\System32\WindowsPowerShell\v1.0\;C:\WINDOWS\System32\OpenSSH\;C:\Program Files\dotnet\;C:\Program Files\Microsoft SQL Server\130\Tools\Binn\;C:\Users\联想\Desktop\JAVA实验\课程开发工具\Mysql服务器和客户端\mysql\bin;C:\Program Files\Microsoft SQL Server\Client SDK\ODBC\170\Tools\Binn\;D:\MATLAB\R2017b\runtime\win64;D:\MATLAB\R2017b\bin;C:\Users\联想\AppData\Local\Microsoft\WindowsApps;;D:\IntelliJ IDEA 2019.3.3\bin;;C:\Users\联想\Desktop\软件工程实验\eclipse;
USERNAME=联想
OS=Windows_NT
PROCESSOR_IDENTIFIER=Intel64 Family 6 Model 142 Stepping 10, GenuineIntel



---------------  S Y S T E M  ---------------

OS: Windows 10.0 , 64 bit Build 18362 (10.0.18362.778)

CPU:total 8 (initial active 8) (4 cores per cpu, 2 threads per core) family 6 model 142 stepping 10, cmov, cx8, fxsr, mmx, sse, sse2, sse3, ssse3, sse4.1, sse4.2, popcnt, avx, avx2, aes, clmul, erms, 3dnowpref, lzcnt, ht, tsc, tscinvbit, bmi1, bmi2, adx

Memory: 4k page, physical 8260324k(3043276k free), swap 8260324k(17544k free)

vm_info: Java HotSpot(TM) 64-Bit Server VM (25.131-b11) for windows-amd64 JRE (1.8.0_131-b11), built on Mar 15 2017 01:23:53 by "java_re" with MS VC++ 10.0 (VS2010)

time: Mon Jun 01 21:29:12 2020
elapsed time: 6290 seconds (0d 1h 44m 50s)

