#
# There is insufficient memory for the Java Runtime Environment to continue.
# Native memory allocation (malloc) failed to allocate 53056 bytes for Chunk::new
# Possible reasons:
#   The system is out of physical RAM or swap space
#   In 32 bit mode, the process size limit was hit
# Possible solutions:
#   Reduce memory load on the system
#   Increase physical memory or swap space
#   Check if swap backing store is full
#   Use 64 bit Java on a 64 bit OS
#   Decrease Java heap size (-Xmx/-Xms)
#   Decrease number of Java threads
#   Decrease Java thread stack sizes (-Xss)
#   Set larger code cache with -XX:ReservedCodeCacheSize=
# This output file may be truncated or incomplete.
#
#  Out of Memory Error (allocation.cpp:390), pid=6704, tid=0x00000000000023e0
#
# JRE version: Java(TM) SE Runtime Environment (8.0_131-b11) (build 1.8.0_131-b11)
# Java VM: Java HotSpot(TM) 64-Bit Server VM (25.131-b11 mixed mode windows-amd64 compressed oops)
# Failed to write core dump. Minidumps are not enabled by default on client versions of Windows
#

---------------  T H R E A D  ---------------

Current thread (0x0000000019a6e800):  JavaThread "C2 CompilerThread1" daemon [_thread_in_native, id=9184, stack(0x000000001a240000,0x000000001a340000)]

Stack: [0x000000001a240000,0x000000001a340000]
[error occurred during error reporting (printing stack bounds), id 0xc0000005]

Native frames: (J=compiled Java code, j=interpreted, Vv=VM code, C=native code)


Current CompileTask:
C2:    238  100       4       java.lang.String::indexOf (166 bytes)


---------------  P R O C E S S  ---------------

Java Threads: ( => current thread )
  0x0000000019b82000 JavaThread "ReaderThread" [_thread_in_native, id=9952, stack(0x000000001a740000,0x000000001a840000)]
  0x0000000019b04800 JavaThread "Service Thread" daemon [_thread_blocked, id=10212, stack(0x000000001a540000,0x000000001a640000)]
  0x0000000019a78800 JavaThread "C1 CompilerThread3" daemon [_thread_in_native, id=16988, stack(0x000000001a440000,0x000000001a540000)]
  0x0000000019a74800 JavaThread "C2 CompilerThread2" daemon [_thread_in_native, id=12552, stack(0x000000001a340000,0x000000001a440000)]
=>0x0000000019a6e800 JavaThread "C2 CompilerThread1" daemon [_thread_in_native, id=9184, stack(0x000000001a240000,0x000000001a340000)]
  0x0000000019a68000 JavaThread "C2 CompilerThread0" daemon [_thread_blocked, id=14464, stack(0x000000001a140000,0x000000001a240000)]
  0x0000000019a66000 JavaThread "Attach Listener" daemon [_thread_blocked, id=8788, stack(0x000000001a040000,0x000000001a140000)]
  0x0000000019a65800 JavaThread "Signal Dispatcher" daemon [_thread_blocked, id=6784, stack(0x0000000019f40000,0x000000001a040000)]
  0x0000000019a00800 JavaThread "Finalizer" daemon [_thread_blocked, id=1588, stack(0x0000000019de0000,0x0000000019ee0000)]
  0x0000000002b89800 JavaThread "Reference Handler" daemon [_thread_blocked, id=6468, stack(0x00000000198e0000,0x00000000199e0000)]
  0x0000000002a8e000 JavaThread "main" [_thread_in_native, id=17292, stack(0x0000000002910000,0x0000000002a10000)]

Other Threads:
  0x0000000017af9800 VMThread [stack: 0x00000000197e0000,0x00000000198e0000] [id=2996]
  0x0000000019b5d000 WatcherThread [stack: 0x000000001a640000,0x000000001a740000] [id=7452]

VM state:not at safepoint (normal execution)

VM Mutex/Monitor currently owned by a thread: None

Heap:
 PSYoungGen      total 38400K, used 4003K [0x00000000d5f80000, 0x00000000d8a00000, 0x0000000100000000)
  eden space 33280K, 12% used [0x00000000d5f80000,0x00000000d6368cd8,0x00000000d8000000)
  from space 5120K, 0% used [0x00000000d8500000,0x00000000d8500000,0x00000000d8a00000)
  to   space 5120K, 0% used [0x00000000d8000000,0x00000000d8000000,0x00000000d8500000)
 ParOldGen       total 87552K, used 0K [0x0000000081e00000, 0x0000000087380000, 0x00000000d5f80000)
  object space 87552K, 0% used [0x0000000081e00000,0x0000000081e00000,0x0000000087380000)
 Metaspace       used 3635K, capacity 4718K, committed 4864K, reserved 1056768K
  class space    used 415K, capacity 426K, committed 512K, reserved 1048576K

Card table byte_map: [0x0000000011f50000,0x0000000012350000] byte_map_base: 0x0000000011b41000

Marking Bits: (ParMarkBitMap*) 0x00000000516fc720
 Begin Bits: [0x0000000012e00000, 0x0000000014d88000)
 End Bits:   [0x0000000014d88000, 0x0000000016d10000)

Polling page: 0x0000000002550000

CodeCache: size=245760Kb used=1274Kb max_used=1275Kb free=244485Kb
 bounds [0x0000000002b90000, 0x0000000002e00000, 0x0000000011b90000]
 total_blobs=363 nmethods=106 adapters=170
 compilation: enabled

Compilation events (10 events):
Event: 0.229 Thread 0x0000000019a78800   97       3       sun.misc.VM::allowArraySyntax (4 bytes)
Event: 0.230 Thread 0x0000000019a78800 nmethod 97 0x0000000002cc9910 code [0x0000000002cc9a60, 0x0000000002cc9bb0]
Event: 0.231 Thread 0x0000000019a78800   98       3       java.lang.String::indexOf (7 bytes)
Event: 0.231 Thread 0x0000000019a78800 nmethod 98 0x0000000002cc9390 code [0x0000000002cc9500, 0x0000000002cc9788]
Event: 0.232 Thread 0x0000000019a78800   99       3       java.util.concurrent.ConcurrentHashMap::spread (10 bytes)
Event: 0.232 Thread 0x0000000019a6e800  100       4       java.lang.String::indexOf (166 bytes)
Event: 0.232 Thread 0x0000000019a78800 nmethod 99 0x0000000002cc9090 code [0x0000000002cc91e0, 0x0000000002cc9330]
Event: 0.232 Thread 0x0000000019a78800  101       3       sun.net.www.ParseUtil::encodePath (336 bytes)
Event: 0.234 Thread 0x0000000019a78800 nmethod 101 0x0000000002ccb150 code [0x0000000002ccb3c0, 0x0000000002ccc3d8]
Event: 0.234 Thread 0x0000000019a78800  102       3       java.util.zip.ZStreamRef::address (5 bytes)

GC Heap History (0 events):
No events

Deoptimization events (0 events):
No events

Internal exceptions (2 events):
Event: 0.048 Thread 0x0000000002a8e000 Exception <a 'java/lang/NoSuchMethodError': Method sun.misc.Unsafe.defineClass(Ljava/lang/String;[BII)Ljava/lang/Class; name or signature does not match> (0x00000000d5f87ca8) thrown at [C:\re\workspace\8-2-build-windows-amd64-cygwin\jdk8u131\8869\hotspot\
Event: 0.048 Thread 0x0000000002a8e000 Exception <a 'java/lang/NoSuchMethodError': Method sun.misc.Unsafe.prefetchRead(Ljava/lang/Object;J)V name or signature does not match> (0x00000000d5f87f90) thrown at [C:\re\workspace\8-2-build-windows-amd64-cygwin\jdk8u131\8869\hotspot\src\share\vm\prims

Events (10 events):
Event: 0.231 loading class org/junit/runner/manipulation/Sortable
Event: 0.231 loading class org/junit/runner/manipulation/Sortable done
Event: 0.231 loading class org/junit/internal/builders/JUnit3Builder
Event: 0.231 loading class org/junit/internal/builders/JUnit3Builder done
Event: 0.232 loading class org/junit/internal/builders/JUnit4Builder
Event: 0.232 loading class org/junit/internal/builders/JUnit4Builder done
Event: 0.232 Thread 0x0000000002a8e000 DEOPT PACKING pc=0x0000000002ca5f36 sp=0x0000000002a0d180
Event: 0.232 Thread 0x0000000002a8e000 DEOPT UNPACKING pc=0x0000000002bd787f sp=0x0000000002a0ce58 mode 0
Event: 0.233 loading class org/junit/runners/BlockJUnit4ClassRunner
Event: 0.233 loading class org/junit/runners/BlockJUnit4ClassRunner done


Dynamic libraries:
0x00007ff70d740000 - 0x00007ff70d777000 	C:\Program Files\Java\jre1.8.0_131\bin\javaw.exe
0x00007ffd39820000 - 0x00007ffd39a10000 	C:\WINDOWS\SYSTEM32\ntdll.dll
0x00007ffd38d20000 - 0x00007ffd38dd2000 	C:\WINDOWS\System32\KERNEL32.DLL
0x00007ffd36a00000 - 0x00007ffd36ca3000 	C:\WINDOWS\System32\KERNELBASE.dll
0x00007ffd392b0000 - 0x00007ffd39353000 	C:\WINDOWS\System32\ADVAPI32.dll
0x00007ffd38c10000 - 0x00007ffd38cae000 	C:\WINDOWS\System32\msvcrt.dll
0x00007ffd38de0000 - 0x00007ffd38e77000 	C:\WINDOWS\System32\sechost.dll
0x00007ffd37950000 - 0x00007ffd37a70000 	C:\WINDOWS\System32\RPCRT4.dll
0x00007ffd39110000 - 0x00007ffd392a4000 	C:\WINDOWS\System32\USER32.dll
0x00007ffd36ea0000 - 0x00007ffd36ec1000 	C:\WINDOWS\System32\win32u.dll
0x00007ffd37b50000 - 0x00007ffd37b76000 	C:\WINDOWS\System32\GDI32.dll
0x00007ffd36d00000 - 0x00007ffd36e94000 	C:\WINDOWS\System32\gdi32full.dll
0x00007ffd36860000 - 0x00007ffd368fe000 	C:\WINDOWS\System32\msvcp_win.dll
0x00007ffd36900000 - 0x00007ffd369fa000 	C:\WINDOWS\System32\ucrtbase.dll
0x00007ffd27360000 - 0x00007ffd275e5000 	C:\WINDOWS\WinSxS\amd64_microsoft.windows.common-controls_6595b64144ccf1df_6.0.18362.778_none_e6c6b761130d4fb8\COMCTL32.dll
0x00007ffd39370000 - 0x00007ffd396a6000 	C:\WINDOWS\System32\combase.dll
0x00007ffd367b0000 - 0x00007ffd36830000 	C:\WINDOWS\System32\bcryptPrimitives.dll
0x00007ffd390e0000 - 0x00007ffd3910e000 	C:\WINDOWS\System32\IMM32.DLL
0x0000000050c40000 - 0x0000000050d12000 	C:\Program Files\Java\jre1.8.0_131\bin\msvcr100.dll
0x0000000050ee0000 - 0x000000005177c000 	C:\Program Files\Java\jre1.8.0_131\bin\server\jvm.dll
0x00007ffd38130000 - 0x00007ffd38138000 	C:\WINDOWS\System32\PSAPI.DLL
0x00007ffd2d880000 - 0x00007ffd2d88a000 	C:\WINDOWS\SYSTEM32\VERSION.dll
0x00007ffd33a00000 - 0x00007ffd33a24000 	C:\WINDOWS\SYSTEM32\WINMM.dll
0x00007ffd244d0000 - 0x00007ffd244d9000 	C:\WINDOWS\SYSTEM32\WSOCK32.dll
0x00007ffd38140000 - 0x00007ffd381af000 	C:\WINDOWS\System32\WS2_32.dll
0x00007ffd33390000 - 0x00007ffd333bd000 	C:\WINDOWS\SYSTEM32\winmmbase.dll
0x00007ffd36cb0000 - 0x00007ffd36cfa000 	C:\WINDOWS\System32\cfgmgr32.dll
0x0000000050df0000 - 0x0000000050dff000 	C:\Program Files\Java\jre1.8.0_131\bin\verify.dll
0x0000000050dc0000 - 0x0000000050de9000 	C:\Program Files\Java\jre1.8.0_131\bin\java.dll
0x0000000050da0000 - 0x0000000050db6000 	C:\Program Files\Java\jre1.8.0_131\bin\zip.dll
0x00007ffd38520000 - 0x00007ffd38c05000 	C:\WINDOWS\System32\SHELL32.dll
0x00007ffd381b0000 - 0x00007ffd38259000 	C:\WINDOWS\System32\shcore.dll
0x00007ffd36f80000 - 0x00007ffd37700000 	C:\WINDOWS\System32\windows.storage.dll
0x00007ffd36760000 - 0x00007ffd36783000 	C:\WINDOWS\System32\profapi.dll
0x00007ffd36710000 - 0x00007ffd3675a000 	C:\WINDOWS\System32\powrprof.dll
0x00007ffd366e0000 - 0x00007ffd366f0000 	C:\WINDOWS\System32\UMPDC.dll
0x00007ffd37af0000 - 0x00007ffd37b42000 	C:\WINDOWS\System32\shlwapi.dll
0x00007ffd366f0000 - 0x00007ffd36701000 	C:\WINDOWS\System32\kernel.appcore.dll
0x00007ffd378b0000 - 0x00007ffd378c7000 	C:\WINDOWS\System32\cryptsp.dll
0x0000000050d80000 - 0x0000000050d9a000 	C:\Program Files\Java\jre1.8.0_131\bin\net.dll
0x00007ffd35f20000 - 0x00007ffd35f87000 	C:\WINDOWS\system32\mswsock.dll

VM Arguments:
jvm_args: -ea -Dfile.encoding=GBK 
java_command: org.eclipse.jdt.internal.junit.runner.RemoteTestRunner -version 3 -port 52864 -testLoaderClass org.eclipse.jdt.internal.junit4.runner.JUnit4TestLoader -loaderpluginname org.eclipse.jdt.junit4.runtime -classNames 生命游戏.gameframeTest
java_class_path (initial): C:\Users\联想\Desktop\软件工程实验\生命游戏\bin;C:\Users\联想\Desktop\软件工程实验\eclipse\plugins\org.junit_4.12.0.v201504281640\junit.jar;C:\Users\联想\Desktop\软件工程实验\eclipse\plugins\org.hamcrest.core_1.3.0.v201303031735.jar;C:\Users\联想\Desktop\软件工程实验\eclipse\configuration\org.eclipse.osgi\1232\0\.cp;C:\Users\联想\Desktop\软件工程实验\eclipse\configuration\org.eclipse.osgi\1231\0\.cp
Launcher Type: SUN_STANDARD

Environment Variables:
JAVA_HOME=C:\Program Files\Java\jdk1.7.0_01
CLASSPATH=.;C:\Program Files\Java\jdk1.7.0_01\lib\dt.jar;C:\Program Files\Java\jdk1.7.0_01\lib\tools.jar
PATH=C:/Program Files/Java/jre1.8.0_131/bin/server;C:/Program Files/Java/jre1.8.0_131/bin;C:/Program Files/Java/jre1.8.0_131/lib/amd64;C:\ProgramData\Oracle\Java\javapath;C:\Program Files (x86)\Common Files\Intel\Shared Libraries\redist\intel64\compiler;C:\Program Files (x86)\Intel\iCLS Client\;C:\Program Files\Intel\iCLS Client\;C:\Windows\system32;C:\Windows;C:\Windows\System32\Wbem;C:\Windows\System32\WindowsPowerShell\v1.0\;C:\Program Files (x86)\NVIDIA Corporation\PhysX\Common;C:\Program Files (x86)\Intel\Intel(R) Management Engine Components\DAL;C:\Program Files\Intel\Intel(R) Management Engine Components\DAL;C:\Program Files (x86)\Intel\Intel(R) Management Engine Components\IPT;C:\Program Files\Intel\Intel(R) Management Engine Components\IPT;C:\WINDOWS\system32;C:\WINDOWS;C:\WINDOWS\System32\Wbem;C:\WINDOWS\System32\WindowsPowerShell\v1.0\;C:\WINDOWS\System32\OpenSSH\;C:\Program Files\Common Files\Autodesk Shared\;C:\Program Files (x86)\Autodesk\Backburner\;C:\Program Files\NVIDIA Corporation\NVIDIA NvDLISR;C:\Program Files\JetBrains\Java\jdk1.7.0_01\bin;C:\WINDOWS\system32;C:\WINDOWS;C:\WINDOWS\System32\Wbem;C:\WINDOWS\System32\WindowsPowerShell\v1.0\;C:\WINDOWS\System32\OpenSSH\;C:\Program Files\dotnet\;C:\Program Files\Microsoft SQL Server\130\Tools\Binn\;C:\Users\联想\Desktop\JAVA实验\课程开发工具\Mysql服务器和客户端\mysql\bin;C:\Program Files\Microsoft SQL Server\Client SDK\ODBC\170\Tools\Binn\;D:\MATLAB\R2017b\runtime\win64;D:\MATLAB\R2017b\bin;C:\Users\联想\AppData\Local\Microsoft\WindowsApps;;D:\IntelliJ IDEA 2019.3.3\bin;;C:\Users\联想\Desktop\软件工程实验\eclipse;
USERNAME=联想
OS=Windows_NT
PROCESSOR_IDENTIFIER=Intel64 Family 6 Model 142 Stepping 10, GenuineIntel



---------------  S Y S T E M  ---------------

OS: Windows 10.0 , 64 bit Build 18362 (10.0.18362.778)

CPU:total 8 (initial active 8) (4 cores per cpu, 2 threads per core) family 6 model 142 stepping 10, cmov, cx8, fxsr, mmx, sse, sse2, sse3, ssse3, sse4.1, sse4.2, popcnt, avx, avx2, aes, clmul, erms, 3dnowpref, lzcnt, ht, tsc, tscinvbit, bmi1, bmi2, adx

Memory: 4k page, physical 8260324k(2099040k free), swap 8260324k(4292k free)

vm_info: Java HotSpot(TM) 64-Bit Server VM (25.131-b11) for windows-amd64 JRE (1.8.0_131-b11), built on Mar 15 2017 01:23:53 by "java_re" with MS VC++ 10.0 (VS2010)

time: Sat May 23 19:58:21 2020
elapsed time: 0 seconds (0d 0h 0m 0s)

