#
# There is insufficient memory for the Java Runtime Environment to continue.
# Native memory allocation (malloc) failed to allocate 32744 bytes for ChunkPool::allocate
# Possible reasons:
#   The system is out of physical RAM or swap space
#   In 32 bit mode, the process size limit was hit
# Possible solutions:
#   Reduce memory load on the system
#   Increase physical memory or swap space
#   Check if swap backing store is full
#   Use 64 bit Java on a 64 bit OS
#   Decrease Java heap size (-Xmx/-Xms)
#   Decrease number of Java threads
#   Decrease Java thread stack sizes (-Xss)
#   Set larger code cache with -XX:ReservedCodeCacheSize=
# This output file may be truncated or incomplete.
#
#  Out of Memory Error (allocation.cpp:273), pid=15804, tid=0x0000000000003e84
#
# JRE version: Java(TM) SE Runtime Environment (8.0_131-b11) (build 1.8.0_131-b11)
# Java VM: Java HotSpot(TM) 64-Bit Server VM (25.131-b11 mixed mode windows-amd64 compressed oops)
# Failed to write core dump. Minidumps are not enabled by default on client versions of Windows
#

---------------  T H R E A D  ---------------

Current thread (0x000000001a5f6000):  JavaThread "C2 CompilerThread0" daemon [_thread_in_native, id=16004, stack(0x000000001acd0000,0x000000001add0000)]

Stack: [0x000000001acd0000,0x000000001add0000]
[error occurred during error reporting (printing stack bounds), id 0xc0000005]

Native frames: (J=compiled Java code, j=interpreted, Vv=VM code, C=native code)


Current CompileTask:
C2: 168383  822       4       java.awt.Container::updateGraphicsData (59 bytes)


---------------  P R O C E S S  ---------------

Java Threads: ( => current thread )
  0x00000000018ce000 JavaThread "DestroyJavaVM" [_thread_blocked, id=15888, stack(0x0000000003510000,0x0000000003610000)]
  0x000000001b54e000 JavaThread "AWT-EventQueue-0" [_thread_blocked, id=16124, stack(0x000000001c830000,0x000000001c930000)]
  0x000000001a96b800 JavaThread "AWT-Windows" daemon [_thread_in_native, id=16080, stack(0x000000001be40000,0x000000001bf40000)]
  0x000000001a96b000 JavaThread "AWT-Shutdown" [_thread_blocked, id=16076, stack(0x000000001bd40000,0x000000001be40000)]
  0x000000001a968000 JavaThread "Java2D Disposer" daemon [_thread_blocked, id=16072, stack(0x000000001bc40000,0x000000001bd40000)]
  0x000000001a67c800 JavaThread "Service Thread" daemon [_thread_blocked, id=16028, stack(0x000000001b0d0000,0x000000001b1d0000)]
  0x000000001a65a000 JavaThread "C1 CompilerThread3" daemon [_thread_blocked, id=16020, stack(0x000000001afd0000,0x000000001b0d0000)]
  0x000000001a652000 JavaThread "C2 CompilerThread2" daemon [_thread_blocked, id=16016, stack(0x000000001aed0000,0x000000001afd0000)]
  0x000000001a636000 JavaThread "C2 CompilerThread1" daemon [_thread_blocked, id=16012, stack(0x000000001add0000,0x000000001aed0000)]
=>0x000000001a5f6000 JavaThread "C2 CompilerThread0" daemon [_thread_in_native, id=16004, stack(0x000000001acd0000,0x000000001add0000)]
  0x000000001a5a8800 JavaThread "Attach Listener" daemon [_thread_blocked, id=16000, stack(0x000000001abd0000,0x000000001acd0000)]
  0x000000001a5f4800 JavaThread "Signal Dispatcher" daemon [_thread_blocked, id=15996, stack(0x000000001aad0000,0x000000001abd0000)]
  0x0000000003709000 JavaThread "Finalizer" daemon [_thread_blocked, id=15956, stack(0x000000001a970000,0x000000001aa70000)]
  0x000000001867d800 JavaThread "Reference Handler" daemon [_thread_blocked, id=15952, stack(0x000000001a470000,0x000000001a570000)]

Other Threads:
  0x0000000018679000 VMThread [stack: 0x000000001a370000,0x000000001a470000] [id=15944]
  0x000000001a6c5800 WatcherThread [stack: 0x000000001b1d0000,0x000000001b2d0000] [id=16032]

VM state:not at safepoint (normal execution)

VM Mutex/Monitor currently owned by a thread: None

Heap:
 PSYoungGen      total 38400K, used 12152K [0x00000000d5f80000, 0x00000000d8a00000, 0x0000000100000000)
  eden space 33280K, 36% used [0x00000000d5f80000,0x00000000d6b5e058,0x00000000d8000000)
  from space 5120K, 0% used [0x00000000d8500000,0x00000000d8500000,0x00000000d8a00000)
  to   space 5120K, 0% used [0x00000000d8000000,0x00000000d8000000,0x00000000d8500000)
 ParOldGen       total 87552K, used 0K [0x0000000081e00000, 0x0000000087380000, 0x00000000d5f80000)
  object space 87552K, 0% used [0x0000000081e00000,0x0000000081e00000,0x0000000087380000)
 Metaspace       used 9546K, capacity 9714K, committed 9984K, reserved 1058816K
  class space    used 1143K, capacity 1196K, committed 1280K, reserved 1048576K

Card table byte_map: [0x0000000012ad0000,0x0000000012ed0000] byte_map_base: 0x00000000126c1000

Marking Bits: (ParMarkBitMap*) 0x000000005f22c720
 Begin Bits: [0x0000000013980000, 0x0000000015908000)
 End Bits:   [0x0000000015908000, 0x0000000017890000)

Polling page: 0x00000000014b0000

CodeCache: size=245760Kb used=3246Kb max_used=3257Kb free=242513Kb
 bounds [0x0000000003710000, 0x0000000003a50000, 0x0000000012710000]
 total_blobs=1277 nmethods=822 adapters=367
 compilation: enabled

Compilation events (10 events):
Event: 168.268 Thread 0x000000001a636000 nmethod 818 0x0000000003a3f8d0 code [0x0000000003a3fa20, 0x0000000003a3fb28]
Event: 168.349 Thread 0x000000001a652000  819       4       java.util.ArrayList$Itr::<init> (6 bytes)
Event: 168.349 Thread 0x000000001a65a000  820       2       java.util.ArrayList$Itr::<init> (26 bytes)
Event: 168.349 Thread 0x000000001a65a000 nmethod 820 0x0000000003a3f050 code [0x0000000003a3f1a0, 0x0000000003a3f310]
Event: 168.350 Thread 0x000000001a65a000  821       1       java.awt.EventQueue::access$400 (5 bytes)
Event: 168.350 Thread 0x000000001a652000 nmethod 819 0x0000000003a3d8d0 code [0x0000000003a3da00, 0x0000000003a3da98]
Event: 168.350 Thread 0x000000001a65a000 nmethod 821 0x0000000003a3d610 code [0x0000000003a3d760, 0x0000000003a3d850]
Event: 168.376 Thread 0x000000001a5f6000  822       4       java.awt.Container::updateGraphicsData (59 bytes)
Event: 168.376 Thread 0x000000001a636000  823       4       java.awt.Component::updateGraphicsData (38 bytes)
Event: 168.378 Thread 0x000000001a636000 nmethod 823 0x0000000003a3d290 code [0x0000000003a3d3e0, 0x0000000003a3d4e8]

GC Heap History (0 events):
No events

Deoptimization events (10 events):
Event: 1.379 Thread 0x00000000018ce000 Uncommon trap: reason=unstable_if action=reinterpret pc=0x0000000003954404 method=java.util.HashMap.getNode(ILjava/lang/Object;)Ljava/util/HashMap$Node; @ 116
Event: 1.380 Thread 0x00000000018ce000 Uncommon trap: reason=unstable_if action=reinterpret pc=0x0000000003952268 method=java.util.HashMap.getNode(ILjava/lang/Object;)Ljava/util/HashMap$Node; @ 116
Event: 1.446 Thread 0x00000000018ce000 Uncommon trap: reason=class_check action=maybe_recompile pc=0x00000000039702ac method=java.awt.Container.getComponent(I)Ljava/awt/Component; @ 10
Event: 1.449 Thread 0x00000000018ce000 Uncommon trap: reason=class_check action=maybe_recompile pc=0x00000000039702ac method=java.awt.Container.getComponent(I)Ljava/awt/Component; @ 10
Event: 1.509 Thread 0x00000000018ce000 Uncommon trap: reason=class_check action=maybe_recompile pc=0x00000000039702ac method=java.awt.Container.getComponent(I)Ljava/awt/Component; @ 10
Event: 1.510 Thread 0x00000000018ce000 Uncommon trap: reason=class_check action=maybe_recompile pc=0x00000000039702ac method=java.awt.Container.getComponent(I)Ljava/awt/Component; @ 10
Event: 1.536 Thread 0x000000001b54e000 Uncommon trap: reason=unstable_if action=reinterpret pc=0x00000000039b07c4 method=java.awt.Component.isValid()Z @ 11
Event: 1.557 Thread 0x000000001b54e000 Uncommon trap: reason=unstable_if action=reinterpret pc=0x000000000393c464 method=sun.awt.SunToolkit.getAppContext(Ljava/lang/Object;)Lsun/awt/AppContext; @ 4
Event: 1.579 Thread 0x000000001b54e000 Uncommon trap: reason=unstable_if action=reinterpret pc=0x00000000039732b4 method=java.util.ArrayList.indexOf(Ljava/lang/Object;)I @ 41
Event: 35.473 Thread 0x000000001b54e000 Uncommon trap: reason=unstable_if action=reinterpret pc=0x0000000003a292e8 method=java.awt.Component.inside(II)Z @ 1

Internal exceptions (10 events):
Event: 0.550 Thread 0x00000000018ce000 Exception <a 'java/security/PrivilegedActionException'> (0x00000000d60741b8) thrown at [C:\re\workspace\8-2-build-windows-amd64-cygwin\jdk8u131\8869\hotspot\src\share\vm\prims\jvm.cpp, line 1390]
Event: 0.550 Thread 0x00000000018ce000 Exception <a 'java/security/PrivilegedActionException'> (0x00000000d60743c8) thrown at [C:\re\workspace\8-2-build-windows-amd64-cygwin\jdk8u131\8869\hotspot\src\share\vm\prims\jvm.cpp, line 1390]
Event: 0.556 Thread 0x00000000018ce000 Exception <a 'java/security/PrivilegedActionException'> (0x00000000d6078038) thrown at [C:\re\workspace\8-2-build-windows-amd64-cygwin\jdk8u131\8869\hotspot\src\share\vm\prims\jvm.cpp, line 1390]
Event: 0.556 Thread 0x00000000018ce000 Exception <a 'java/security/PrivilegedActionException'> (0x00000000d6078248) thrown at [C:\re\workspace\8-2-build-windows-amd64-cygwin\jdk8u131\8869\hotspot\src\share\vm\prims\jvm.cpp, line 1390]
Event: 0.691 Thread 0x00000000018ce000 Exception <a 'java/io/FileNotFoundException'> (0x00000000d609ae10) thrown at [C:\re\workspace\8-2-build-windows-amd64-cygwin\jdk8u131\8869\hotspot\src\share\vm\prims\jni.cpp, line 709]
Event: 0.814 Thread 0x00000000018ce000 Exception <a 'java/lang/NoSuchFieldError': method resolution failed> (0x00000000d620ec28) thrown at [C:\re\workspace\8-2-build-windows-amd64-cygwin\jdk8u131\8869\hotspot\src\share\vm\prims\methodHandles.cpp, line 1146]
Event: 0.817 Thread 0x00000000018ce000 Exception <a 'java/lang/NoSuchFieldError': method resolution failed> (0x00000000d621c438) thrown at [C:\re\workspace\8-2-build-windows-amd64-cygwin\jdk8u131\8869\hotspot\src\share\vm\prims\methodHandles.cpp, line 1146]
Event: 0.923 Thread 0x00000000018ce000 Exception <a 'java/io/FileNotFoundException'> (0x00000000d62afe58) thrown at [C:\re\workspace\8-2-build-windows-amd64-cygwin\jdk8u131\8869\hotspot\src\share\vm\prims\jni.cpp, line 709]
Event: 1.308 Thread 0x00000000018ce000 Exception <a 'java/io/FileNotFoundException'> (0x00000000d64f5a40) thrown at [C:\re\workspace\8-2-build-windows-amd64-cygwin\jdk8u131\8869\hotspot\src\share\vm\prims\jni.cpp, line 709]
Event: 1.308 Thread 0x00000000018ce000 Exception <a 'java/lang/NullPointerException'> (0x00000000d64f6078) thrown at [C:\re\workspace\8-2-build-windows-amd64-cygwin\jdk8u131\8869\hotspot\src\share\vm\interpreter\linkResolver.cpp, line 1197]

Events (10 events):
Event: 168.013 loading class sun/awt/windows/WToolkit$3
Event: 168.014 loading class sun/awt/windows/WToolkit$3 done
Event: 168.014 loading class java/util/WeakHashMap$KeyIterator
Event: 168.014 loading class java/util/WeakHashMap$HashIterator
Event: 168.014 loading class java/util/WeakHashMap$HashIterator done
Event: 168.014 loading class java/util/WeakHashMap$KeyIterator done
Event: 168.085 loading class javax/swing/RepaintManager$DisplayChangedRunnable
Event: 168.085 loading class javax/swing/RepaintManager$DisplayChangedRunnable done
Event: 168.349 loading class java/util/ArrayList$1
Event: 168.349 loading class java/util/ArrayList$1 done


Dynamic libraries:
0x00007ff6daea0000 - 0x00007ff6daed7000 	C:\Program Files\Java\jre1.8.0_131\bin\javaw.exe
0x00007ff8ecd40000 - 0x00007ff8ecf30000 	C:\WINDOWS\SYSTEM32\ntdll.dll
0x00007ff8ebec0000 - 0x00007ff8ebf72000 	C:\WINDOWS\System32\KERNEL32.DLL
0x00007ff8ea5b0000 - 0x00007ff8ea854000 	C:\WINDOWS\System32\KERNELBASE.dll
0x00007ff8eafa0000 - 0x00007ff8eb043000 	C:\WINDOWS\System32\ADVAPI32.dll
0x00007ff8ecb80000 - 0x00007ff8ecc1e000 	C:\WINDOWS\System32\msvcrt.dll
0x00007ff8ecc30000 - 0x00007ff8eccc7000 	C:\WINDOWS\System32\sechost.dll
0x00007ff8ebda0000 - 0x00007ff8ebec0000 	C:\WINDOWS\System32\RPCRT4.dll
0x00007ff8ec7d0000 - 0x00007ff8ec964000 	C:\WINDOWS\System32\USER32.dll
0x00007ff8eaa10000 - 0x00007ff8eaa31000 	C:\WINDOWS\System32\win32u.dll
0x00007ff8eccd0000 - 0x00007ff8eccf6000 	C:\WINDOWS\System32\GDI32.dll
0x00007ff8eab50000 - 0x00007ff8eace4000 	C:\WINDOWS\System32\gdi32full.dll
0x00007ff8eaa60000 - 0x00007ff8eaafe000 	C:\WINDOWS\System32\msvcp_win.dll
0x00007ff8eacf0000 - 0x00007ff8eadea000 	C:\WINDOWS\System32\ucrtbase.dll
0x00007ff8da8a0000 - 0x00007ff8dab24000 	C:\WINDOWS\WinSxS\amd64_microsoft.windows.common-controls_6595b64144ccf1df_6.0.18362.836_none_e6c4b943130f18ed\COMCTL32.dll
0x00007ff8ec3e0000 - 0x00007ff8ec716000 	C:\WINDOWS\System32\combase.dll
0x00007ff8e9cd0000 - 0x00007ff8e9d50000 	C:\WINDOWS\System32\bcryptPrimitives.dll
0x00007ff8eb050000 - 0x00007ff8eb07e000 	C:\WINDOWS\System32\IMM32.DLL
0x000000005df10000 - 0x000000005dfe2000 	C:\Program Files\Java\jre1.8.0_131\bin\msvcr100.dll
0x000000005ea10000 - 0x000000005f2ac000 	C:\Program Files\Java\jre1.8.0_131\bin\server\jvm.dll
0x00007ff8eadf0000 - 0x00007ff8eadf8000 	C:\WINDOWS\System32\PSAPI.DLL
0x00007ff8c9020000 - 0x00007ff8c9029000 	C:\WINDOWS\SYSTEM32\WSOCK32.dll
0x00007ff8ec290000 - 0x00007ff8ec2ff000 	C:\WINDOWS\System32\WS2_32.dll
0x00007ff8e6c90000 - 0x00007ff8e6cb4000 	C:\WINDOWS\SYSTEM32\WINMM.dll
0x00007ff8e65a0000 - 0x00007ff8e65cd000 	C:\WINDOWS\SYSTEM32\WINMMBASE.dll
0x00007ff8eab00000 - 0x00007ff8eab4a000 	C:\WINDOWS\System32\cfgmgr32.dll
0x00007ff8e0090000 - 0x00007ff8e009a000 	C:\WINDOWS\SYSTEM32\VERSION.dll
0x000000005e920000 - 0x000000005e92f000 	C:\Program Files\Java\jre1.8.0_131\bin\verify.dll
0x000000005e8f0000 - 0x000000005e919000 	C:\Program Files\Java\jre1.8.0_131\bin\java.dll
0x000000005e8d0000 - 0x000000005e8e6000 	C:\Program Files\Java\jre1.8.0_131\bin\zip.dll
0x00007ff8eb240000 - 0x00007ff8eb924000 	C:\WINDOWS\System32\SHELL32.dll
0x00007ff8ec720000 - 0x00007ff8ec7c9000 	C:\WINDOWS\System32\shcore.dll
0x00007ff8e9d50000 - 0x00007ff8ea4ce000 	C:\WINDOWS\System32\windows.storage.dll
0x00007ff8e9ca0000 - 0x00007ff8e9cc3000 	C:\WINDOWS\System32\profapi.dll
0x00007ff8e9c30000 - 0x00007ff8e9c7a000 	C:\WINDOWS\System32\powrprof.dll
0x00007ff8e9c00000 - 0x00007ff8e9c10000 	C:\WINDOWS\System32\UMPDC.dll
0x00007ff8eb1e0000 - 0x00007ff8eb232000 	C:\WINDOWS\System32\shlwapi.dll
0x00007ff8e9c10000 - 0x00007ff8e9c21000 	C:\WINDOWS\System32\kernel.appcore.dll
0x00007ff8eaa40000 - 0x00007ff8eaa57000 	C:\WINDOWS\System32\cryptsp.dll
0x000000005d830000 - 0x000000005d9c8000 	C:\Program Files\Java\jre1.8.0_131\bin\awt.dll
0x00007ff8ec310000 - 0x00007ff8ec3d4000 	C:\WINDOWS\System32\OLEAUT32.dll
0x00007ff8e7590000 - 0x00007ff8e761f000 	C:\WINDOWS\SYSTEM32\apphelp.dll
0x00007ff8e7ac0000 - 0x00007ff8e7aed000 	C:\WINDOWS\system32\DWMAPI.DLL
0x00007ff8e7690000 - 0x00007ff8e7729000 	C:\WINDOWS\system32\uxtheme.dll
0x00007ff8c8bc0000 - 0x00007ff8c8d16000 	C:\WINDOWS\system32\opengl32.dll
0x00007ff8c9590000 - 0x00007ff8c95bc000 	C:\WINDOWS\SYSTEM32\GLU32.dll
0x00007ff8e8840000 - 0x00007ff8e8860000 	C:\WINDOWS\SYSTEM32\dxcore.dll
0x00007ff8ec970000 - 0x00007ff8ecaa6000 	C:\WINDOWS\System32\MSCTF.dll
0x00007ff8eb080000 - 0x00007ff8eb1d7000 	C:\WINDOWS\System32\ole32.dll
0x000000005d7e0000 - 0x000000005d827000 	C:\Program Files\Java\jre1.8.0_131\bin\fontmanager.dll
0x000000005e8b0000 - 0x000000005e8ca000 	C:\Program Files\Java\jre1.8.0_131\bin\net.dll
0x00007ff8e9440000 - 0x00007ff8e94a7000 	C:\WINDOWS\system32\mswsock.dll
0x000000005e890000 - 0x000000005e8a1000 	C:\Program Files\Java\jre1.8.0_131\bin\nio.dll
0x000000005d790000 - 0x000000005d7d2000 	C:\Program Files\Java\jre1.8.0_131\bin\t2k.dll
0x00007ff8c9e30000 - 0x00007ff8c9ece000 	C:\WINDOWS\System32\TextInputFramework.dll
0x00007ff8e5180000 - 0x00007ff8e54aa000 	C:\WINDOWS\System32\CoreUIComponents.dll
0x00007ff8e6ea0000 - 0x00007ff8e6f74000 	C:\WINDOWS\System32\CoreMessaging.dll
0x00007ff8e8c30000 - 0x00007ff8e8c61000 	C:\WINDOWS\SYSTEM32\ntmarta.dll
0x00007ff8e4e80000 - 0x00007ff8e4fd3000 	C:\WINDOWS\SYSTEM32\wintypes.dll
0x00007ff8da5f0000 - 0x00007ff8da896000 	C:\WINDOWS\System32\iertutil.dll

VM Arguments:
jvm_args: -Dfile.encoding=GBK 
java_command: 生命游戏.startGame
java_class_path (initial): C:\Program Files\Java\jre1.8.0_131\lib\resources.jar;C:\Program Files\Java\jre1.8.0_131\lib\rt.jar;C:\Program Files\Java\jre1.8.0_131\lib\jsse.jar;C:\Program Files\Java\jre1.8.0_131\lib\jce.jar;C:\Program Files\Java\jre1.8.0_131\lib\charsets.jar;C:\Program Files\Java\jre1.8.0_131\lib\jfr.jar;C:\Program Files\Java\jre1.8.0_131\lib\ext\access-bridge-64.jar;C:\Program Files\Java\jre1.8.0_131\lib\ext\cldrdata.jar;C:\Program Files\Java\jre1.8.0_131\lib\ext\dnsns.jar;C:\Program Files\Java\jre1.8.0_131\lib\ext\jaccess.jar;C:\Program Files\Java\jre1.8.0_131\lib\ext\jfxrt.jar;C:\Program Files\Java\jre1.8.0_131\lib\ext\localedata.jar;C:\Program Files\Java\jre1.8.0_131\lib\ext\nashorn.jar;C:\Program Files\Java\jre1.8.0_131\lib\ext\sunec.jar;C:\Program Files\Java\jre1.8.0_131\lib\ext\sunjce_provider.jar;C:\Program Files\Java\jre1.8.0_131\lib\ext\sunmscapi.jar;C:\Program Files\Java\jre1.8.0_131\lib\ext\sunpkcs11.jar;C:\Program Files\Java\jre1.8.0_131\lib\ext\zipfs.jar;C:\Users\联想\Desktop\软件工程实验\生命游戏\bin;C:\Users\联想\Desktop\软件工程实验\eclipse\plugins\org.junit_4.12.0.v201504281640\junit.jar;C:\Users\联想\Desktop\软件工程实验\eclipse\plugins\org.hamcrest.core_1.3.0.v201303031735.jar
Launcher Type: SUN_STANDARD

Environment Variables:
JAVA_HOME=C:\Program Files\Java\jdk1.7.0_01
CLASSPATH=.;C:\Program Files\Java\jdk1.7.0_01\lib\dt.jar;C:\Program Files\Java\jdk1.7.0_01\lib\tools.jar
PATH=C:/Program Files/Java/jre1.8.0_131/bin/server;C:/Program Files/Java/jre1.8.0_131/bin;C:/Program Files/Java/jre1.8.0_131/lib/amd64;C:\ProgramData\Oracle\Java\javapath;C:\Program Files (x86)\Common Files\Intel\Shared Libraries\redist\intel64\compiler;C:\Program Files (x86)\Intel\iCLS Client\;C:\Program Files\Intel\iCLS Client\;C:\Windows\system32;C:\Windows;C:\Windows\System32\Wbem;C:\Windows\System32\WindowsPowerShell\v1.0\;C:\Program Files (x86)\NVIDIA Corporation\PhysX\Common;C:\Program Files (x86)\Intel\Intel(R) Management Engine Components\DAL;C:\Program Files\Intel\Intel(R) Management Engine Components\DAL;C:\Program Files (x86)\Intel\Intel(R) Management Engine Components\IPT;C:\Program Files\Intel\Intel(R) Management Engine Components\IPT;C:\WINDOWS\system32;C:\WINDOWS;C:\WINDOWS\System32\Wbem;C:\WINDOWS\System32\WindowsPowerShell\v1.0\;C:\WINDOWS\System32\OpenSSH\;C:\Program Files\Common Files\Autodesk Shared\;C:\Program Files (x86)\Autodesk\Backburner\;C:\Program Files\NVIDIA Corporation\NVIDIA NvDLISR;C:\Program Files\JetBrains\Java\jdk1.7.0_01\bin;C:\WINDOWS\system32;C:\WINDOWS;C:\WINDOWS\System32\Wbem;C:\WINDOWS\System32\WindowsPowerShell\v1.0\;C:\WINDOWS\System32\OpenSSH\;C:\Program Files\dotnet\;C:\Program Files\Microsoft SQL Server\130\Tools\Binn\;C:\Users\联想\Desktop\JAVA实验\课程开发工具\Mysql服务器和客户端\mysql\bin;C:\Program Files\Microsoft SQL Server\Client SDK\ODBC\170\Tools\Binn\;D:\MATLAB\R2017b\runtime\win64;D:\MATLAB\R2017b\bin;C:\Users\联想\AppData\Local\Microsoft\WindowsApps;;D:\IntelliJ IDEA 2019.3.3\bin;;C:\Users\联想\Desktop\软件工程实验\eclipse;
USERNAME=联想
OS=Windows_NT
PROCESSOR_IDENTIFIER=Intel64 Family 6 Model 142 Stepping 10, GenuineIntel



---------------  S Y S T E M  ---------------

OS: Windows 10.0 , 64 bit Build 18362 (10.0.18362.778)

CPU:total 8 (initial active 8) (4 cores per cpu, 2 threads per core) family 6 model 142 stepping 10, cmov, cx8, fxsr, mmx, sse, sse2, sse3, ssse3, sse4.1, sse4.2, popcnt, avx, avx2, aes, clmul, erms, 3dnowpref, lzcnt, ht, tsc, tscinvbit, bmi1, bmi2, adx

Memory: 4k page, physical 8260324k(2516808k free), swap 8260324k(25588k free)

vm_info: Java HotSpot(TM) 64-Bit Server VM (25.131-b11) for windows-amd64 JRE (1.8.0_131-b11), built on Mar 15 2017 01:23:53 by "java_re" with MS VC++ 10.0 (VS2010)

time: Mon Jun 01 19:05:00 2020
elapsed time: 168 seconds (0d 0h 2m 48s)

